Using pre-set license
Built from '2021.3/staging' branch; Version is '2021.3.19f1 (c9714fde33b6) revision 13201743'; Using compiler version '192829333'; Build Type 'Release'
OS: 'Windows 10  (10.0.19045) 64bit Professional' Language: 'ja' Physical Memory: 8009 MB
BatchMode: 1, IsHumanControllingUs: 0, StartBugReporterOnCrash: 0, Is64bit: 1, IsPro: 1

COMMAND LINE ARGUMENTS:
C:\Program Files\Unity\Hub\Editor\2021.3.19f1\Editor\Unity.exe
-adb2
-batchMode
-noUpm
-name
AssetImportWorker7
-projectPath
C:/Users/GA1A/Desktop/sleepingGames/SleepingGames
-logFile
Logs/AssetImportWorker7.log
-srvPort
52785
Successfully changed project path to: C:/Users/GA1A/Desktop/sleepingGames/SleepingGames
C:/Users/GA1A/Desktop/sleepingGames/SleepingGames
[UnityMemory] Configuration Parameters - Can be set up in boot.config
    "memorysetup-bucket-allocator-granularity=16"
    "memorysetup-bucket-allocator-bucket-count=8"
    "memorysetup-bucket-allocator-block-size=33554432"
    "memorysetup-bucket-allocator-block-count=8"
    "memorysetup-main-allocator-block-size=16777216"
    "memorysetup-thread-allocator-block-size=16777216"
    "memorysetup-gfx-main-allocator-block-size=16777216"
    "memorysetup-gfx-thread-allocator-block-size=16777216"
    "memorysetup-cache-allocator-block-size=4194304"
    "memorysetup-typetree-allocator-block-size=2097152"
    "memorysetup-profiler-bucket-allocator-granularity=16"
    "memorysetup-profiler-bucket-allocator-bucket-count=8"
    "memorysetup-profiler-bucket-allocator-block-size=33554432"
    "memorysetup-profiler-bucket-allocator-block-count=8"
    "memorysetup-profiler-allocator-block-size=16777216"
    "memorysetup-profiler-editor-allocator-block-size=1048576"
    "memorysetup-temp-allocator-size-main=16777216"
    "memorysetup-job-temp-allocator-block-size=2097152"
    "memorysetup-job-temp-allocator-block-size-background=1048576"
    "memorysetup-job-temp-allocator-reduction-small-platforms=262144"
    "memorysetup-temp-allocator-size-background-worker=32768"
    "memorysetup-temp-allocator-size-job-worker=262144"
    "memorysetup-temp-allocator-size-preload-manager=33554432"
    "memorysetup-temp-allocator-size-nav-mesh-worker=65536"
    "memorysetup-temp-allocator-size-audio-worker=65536"
    "memorysetup-temp-allocator-size-cloud-worker=32768"
    "memorysetup-temp-allocator-size-gi-baking-worker=262144"
    "memorysetup-temp-allocator-size-gfx=262144"
Player connection [12280] Host "[IP] 172.17.90.115 [Port] 0 [Flags] 2 [Guid] 2115012267 [EditorId] 2115012267 [Version] 1048832 [Id] WindowsEditor(7,DESKTOP-M30FNO0) [Debug] 1 [PackageName] WindowsEditor [ProjectName] Editor" joined multi-casting on [225.0.0.222:54997]...

Player connection [12280] Host "[IP] 172.17.90.115 [Port] 0 [Flags] 2 [Guid] 2115012267 [EditorId] 2115012267 [Version] 1048832 [Id] WindowsEditor(7,DESKTOP-M30FNO0) [Debug] 1 [PackageName] WindowsEditor [ProjectName] Editor" joined alternative multi-casting on [225.0.0.222:34997]...

Refreshing native plugins compatible for Editor in 73.28 ms, found 3 plugins.
Preloading 0 native plugins for Editor in 0.00 ms.
Initialize engine version: 2021.3.19f1 (c9714fde33b6)
[Subsystems] Discovering subsystems at path C:/Program Files/Unity/Hub/Editor/2021.3.19f1/Editor/Data/Resources/UnitySubsystems
[Subsystems] Discovering subsystems at path C:/Users/GA1A/Desktop/sleepingGames/SleepingGames/Assets
GfxDevice: creating device client; threaded=0; jobified=0
Direct3D:
    Version:  Direct3D 11.0 [level 11.1]
    Renderer: AMD Radeon RX 550 (ID=0x699f)
    Vendor:   ATI
    VRAM:     2027 MB
    Driver:   31.0.21905.1001
Initialize mono
Mono path[0] = 'C:/Program Files/Unity/Hub/Editor/2021.3.19f1/Editor/Data/Managed'
Mono path[1] = 'C:/Program Files/Unity/Hub/Editor/2021.3.19f1/Editor/Data/MonoBleedingEdge/lib/mono/unityjit-win32'
Mono config path = 'C:/Program Files/Unity/Hub/Editor/2021.3.19f1/Editor/Data/MonoBleedingEdge/etc'
Using monoOptions --debugger-agent=transport=dt_socket,embedding=1,server=y,suspend=n,address=127.0.0.1:56156
Begin MonoManager ReloadAssembly
Registering precompiled unity dll's ...
Register platform support module: C:/Program Files/Unity/Hub/Editor/2021.3.19f1/Editor/Data/PlaybackEngines/WindowsStandaloneSupport/UnityEditor.WindowsStandalone.Extensions.dll
Registered in 0.006120 seconds.
Native extension for WindowsStandalone target not found
Refreshing native plugins compatible for Editor in 69.07 ms, found 3 plugins.
Preloading 0 native plugins for Editor in 0.00 ms.
Mono: successfully reloaded assembly
- Completed reload, in  0.550 seconds
Domain Reload Profiling:
	ReloadAssembly (551ms)
		BeginReloadAssembly (67ms)
			ExecutionOrderSort (0ms)
			DisableScriptedObjects (0ms)
			BackupInstance (0ms)
			ReleaseScriptingObjects (0ms)
			CreateAndSetChildDomain (1ms)
		EndReloadAssembly (387ms)
			LoadAssemblies (65ms)
			RebuildTransferFunctionScriptingTraits (0ms)
			SetupTypeCache (89ms)
			ReleaseScriptCaches (0ms)
			RebuildScriptCaches (24ms)
			SetupLoadedEditorAssemblies (230ms)
				LogAssemblyErrors (0ms)
				InitializePlatformSupportModulesInManaged (6ms)
				SetLoadedEditorAssemblies (0ms)
				RefreshPlugins (69ms)
				BeforeProcessingInitializeOnLoad (1ms)
				ProcessInitializeOnLoadAttributes (107ms)
				ProcessInitializeOnLoadMethodAttributes (46ms)
				AfterProcessingInitializeOnLoad (0ms)
				EditorAssembliesLoaded (0ms)
			ExecutionOrderSort2 (0ms)
			AwakeInstancesAfterBackupRestoration (0ms)
Platform modules already initialized, skipping
Registering precompiled user dll's ...
Registered in 0.004561 seconds.
Begin MonoManager ReloadAssembly
Symbol file LoadedFromMemory doesn't match image C:\Users\GA1A\Desktop\sleepingGames\SleepingGames\Library\PackageCache\com.unity.visualscripting@1.8.0\Editor\VisualScripting.Core\Dependencies\YamlDotNet\Unity.VisualScripting.YamlDotNet.dll
Symbol file LoadedFromMemory doesn't match image C:\Users\GA1A\Desktop\sleepingGames\SleepingGames\Library\PackageCache\com.unity.visualscripting@1.8.0\Editor\VisualScripting.Core\Dependencies\DotNetZip\Unity.VisualScripting.IonicZip.dll
Native extension for WindowsStandalone target not found
Refreshing native plugins compatible for Editor in 0.44 ms, found 3 plugins.
Preloading 0 native plugins for Editor in 0.00 ms.
Mono: successfully reloaded assembly
- Completed reload, in  0.798 seconds
Domain Reload Profiling:
	ReloadAssembly (798ms)
		BeginReloadAssembly (101ms)
			ExecutionOrderSort (0ms)
			DisableScriptedObjects (5ms)
			BackupInstance (0ms)
			ReleaseScriptingObjects (0ms)
			CreateAndSetChildDomain (20ms)
		EndReloadAssembly (598ms)
			LoadAssemblies (66ms)
			RebuildTransferFunctionScriptingTraits (0ms)
			SetupTypeCache (181ms)
			ReleaseScriptCaches (0ms)
			RebuildScriptCaches (42ms)
			SetupLoadedEditorAssemblies (278ms)
				LogAssemblyErrors (0ms)
				InitializePlatformSupportModulesInManaged (5ms)
				SetLoadedEditorAssemblies (0ms)
				RefreshPlugins (0ms)
				BeforeProcessingInitializeOnLoad (71ms)
				ProcessInitializeOnLoadAttributes (178ms)
				ProcessInitializeOnLoadMethodAttributes (16ms)
				AfterProcessingInitializeOnLoad (7ms)
				EditorAssembliesLoaded (0ms)
			ExecutionOrderSort2 (0ms)
			AwakeInstancesAfterBackupRestoration (6ms)
Platform modules already initialized, skipping
========================================================================
Worker process is ready to serve import requests
Launched and connected shader compiler UnityShaderCompiler.exe after 0.05 seconds
Refreshing native plugins compatible for Editor in 0.42 ms, found 3 plugins.
Preloading 0 native plugins for Editor in 0.00 ms.
Unloading 2955 Unused Serialized files (Serialized files now loaded: 0)
Unloading 21 unused Assets / (56.5 KB). Loaded Objects now: 3419.
Memory consumption went from 110.3 MB to 110.3 MB.
Total: 2.708800 ms (FindLiveObjects: 0.216700 ms CreateObjectMapping: 0.093700 ms MarkObjects: 2.334100 ms  DeleteObjects: 0.063600 ms)

AssetImportParameters requested are different than current active one (requested -> active):
  custom:video-decoder-ogg-theora: a1e56fd34408186e4bbccfd4996cb3dc -> 
  custom:container-muxer-webm: aa71ff27fc2769a1b78a27578f13a17b -> 
  custom:container-demuxer-webm: 4f35f7cbe854078d1ac9338744f61a02 -> 
  custom:video-encoder-webm-vp8: eb34c28f22e8b96e1ab97ce403110664 -> 
  custom:audio-encoder-webm-vorbis: bf7c407c2cedff20999df2af8eb42d56 -> 
  custom:framework-win-MediaFoundation: 216162199b28c13a410421893ffa2e32 -> 
  custom:container-demuxer-ogg: 62fdf1f143b41e24485cea50d1cbac27 -> 
  custom:video-decoder-webm-vp8: 9c59270c3fd7afecdb556c50c9e8de78 -> 
  custom:audio-decoder-ogg-vorbis: bf7c407c2cedff20999df2af8eb42d56 -> 
========================================================================
Received Import Request.
  Time since last request: 189288.874501 seconds.
  path: Assets/All Stages/Stage4/enpitu 2.png
  artifactKey: Guid(e667247882311334aa9e743366e3d443) Importer(815301076,1909f56bfc062723c751e8b465ee728b)
Start importing Assets/All Stages/Stage4/enpitu 2.png using Guid(e667247882311334aa9e743366e3d443) Importer(815301076,1909f56bfc062723c751e8b465ee728b)  -> (artifact id: '35ad6e89868e8ef14a5226d98eafc5cf') in 0.130985 seconds 
========================================================================
Received Import Request.
  Time since last request: 0.000027 seconds.
  path: Assets/All Stages/Stage4/peetobotoru.png
  artifactKey: Guid(cf89f84361b456744b1609cb38e07398) Importer(815301076,1909f56bfc062723c751e8b465ee728b)
Start importing Assets/All Stages/Stage4/peetobotoru.png using Guid(cf89f84361b456744b1609cb38e07398) Importer(815301076,1909f56bfc062723c751e8b465ee728b)  -> (artifact id: 'ba4ea3a236141c2e529f2bc9dccf1d4a') in 0.014096 seconds 
========================================================================
Received Import Request.
  Time since last request: 0.000036 seconds.
  path: Assets/All Stages/Stage4/enpitu 4.png
  artifactKey: Guid(7adf8fb4202257140a326adcff3147a5) Importer(815301076,1909f56bfc062723c751e8b465ee728b)
Start importing Assets/All Stages/Stage4/enpitu 4.png using Guid(7adf8fb4202257140a326adcff3147a5) Importer(815301076,1909f56bfc062723c751e8b465ee728b)  -> (artifact id: 'a1ba327bd90055df01af6a2d7d24894e') in 0.014059 seconds 
========================================================================
Received Import Request.
  Time since last request: 0.000018 seconds.
  path: Assets/All Stages/Stage4/gakkounotukue.png
  artifactKey: Guid(26f98bd519e07f54981c9f02e3fff7dd) Importer(815301076,1909f56bfc062723c751e8b465ee728b)
Start importing Assets/All Stages/Stage4/gakkounotukue.png using Guid(26f98bd519e07f54981c9f02e3fff7dd) Importer(815301076,1909f56bfc062723c751e8b465ee728b)  -> (artifact id: 'a6373dafe2206c8227eab52f2ac32ce5') in 0.012696 seconds 
========================================================================
Received Import Request.
  Time since last request: 0.000015 seconds.
  path: Assets/All Stages/Stage4/sankaku.png
  artifactKey: Guid(b99935a28f33a9a42b91e55d6a2ccf2b) Importer(815301076,1909f56bfc062723c751e8b465ee728b)
Start importing Assets/All Stages/Stage4/sankaku.png using Guid(b99935a28f33a9a42b91e55d6a2ccf2b) Importer(815301076,1909f56bfc062723c751e8b465ee728b)  -> (artifact id: '0141f38319cc85685cae187a962a9471') in 0.013525 seconds 
========================================================================
Received Import Request.
  Time since last request: 0.000039 seconds.
  path: Assets/All Stages/Stage4/enpitu.png
  artifactKey: Guid(66677c30f3eca5245b16c83bb901acb5) Importer(815301076,1909f56bfc062723c751e8b465ee728b)
Start importing Assets/All Stages/Stage4/enpitu.png using Guid(66677c30f3eca5245b16c83bb901acb5) Importer(815301076,1909f56bfc062723c751e8b465ee728b)  -> (artifact id: 'e783fa495b15e798f85609959cd51ace') in 0.011897 seconds 
========================================================================
Received Import Request.
  Time since last request: 0.000021 seconds.
  path: Assets/All Stages/Stage4/gomibakohuta.png
  artifactKey: Guid(cdd17d938b60307439d565ecc81e5c1f) Importer(815301076,1909f56bfc062723c751e8b465ee728b)
Start importing Assets/All Stages/Stage4/gomibakohuta.png using Guid(cdd17d938b60307439d565ecc81e5c1f) Importer(815301076,1909f56bfc062723c751e8b465ee728b)  -> (artifact id: 'ad16f94636882b34d5c56925abb91efd') in 0.011896 seconds 
========================================================================
Received Import Request.
  Time since last request: 21.529275 seconds.
  path: Assets/All Stages/End/block1.prefab
  artifactKey: Guid(384db2406c6533c40bf190c446bbfc5b) Importer(815301076,1909f56bfc062723c751e8b465ee728b)
Start importing Assets/All Stages/End/block1.prefab using Guid(384db2406c6533c40bf190c446bbfc5b) Importer(815301076,1909f56bfc062723c751e8b465ee728b)  -> (artifact id: '96dc78f982046e585514fe9f526a9c37') in 0.039345 seconds 
========================================================================
Received Import Request.
  Time since last request: 0.000021 seconds.
  path: Assets/All Stages/End/haguruma (1).prefab
  artifactKey: Guid(29802a168dc60aa44ab228a2a187cb32) Importer(815301076,1909f56bfc062723c751e8b465ee728b)
Start importing Assets/All Stages/End/haguruma (1).prefab using Guid(29802a168dc60aa44ab228a2a187cb32) Importer(815301076,1909f56bfc062723c751e8b465ee728b)  -> (artifact id: 'f5f55745e6308cacc8f6286e2cedeebd') in 0.014118 seconds 
========================================================================
Received Import Request.
  Time since last request: 0.000019 seconds.
  path: Assets/All Stages/End/haguruma (2).prefab
  artifactKey: Guid(a8da7748036731d4c88edac166e5e14f) Importer(815301076,1909f56bfc062723c751e8b465ee728b)
Start importing Assets/All Stages/End/haguruma (2).prefab using Guid(a8da7748036731d4c88edac166e5e14f) Importer(815301076,1909f56bfc062723c751e8b465ee728b)  -> (artifact id: '4fb77699f8226bea83d4b279e8fe8550') in 0.013199 seconds 
========================================================================
Received Import Request.
  Time since last request: 0.000024 seconds.
  path: Assets/All Stages/End/kesigomu.prefab
  artifactKey: Guid(0d426fbfd6b35c94387ec243a0e51fc8) Importer(815301076,1909f56bfc062723c751e8b465ee728b)
Start importing Assets/All Stages/End/kesigomu.prefab using Guid(0d426fbfd6b35c94387ec243a0e51fc8) Importer(815301076,1909f56bfc062723c751e8b465ee728b)  -> (artifact id: '814083f2909f9b5d8dfd424c87cc6b7c') in 0.012765 seconds 
