Using pre-set license
Built from '2021.3/staging' branch; Version is '2021.3.19f1 (c9714fde33b6) revision 13201743'; Using compiler version '192829333'; Build Type 'Release'
OS: 'Windows 10  (10.0.19045) 64bit Professional' Language: 'ja' Physical Memory: 8009 MB
BatchMode: 1, IsHumanControllingUs: 0, StartBugReporterOnCrash: 0, Is64bit: 1, IsPro: 1

COMMAND LINE ARGUMENTS:
C:\Program Files\Unity\Hub\Editor\2021.3.19f1\Editor\Unity.exe
-adb2
-batchMode
-noUpm
-name
AssetImportWorker1
-projectPath
C:/Users/GA1A/Desktop/sleepingGames/SleepingGames
-logFile
Logs/AssetImportWorker1.log
-srvPort
54149
Successfully changed project path to: C:/Users/GA1A/Desktop/sleepingGames/SleepingGames
C:/Users/GA1A/Desktop/sleepingGames/SleepingGames
[UnityMemory] Configuration Parameters - Can be set up in boot.config
    "memorysetup-bucket-allocator-granularity=16"
    "memorysetup-bucket-allocator-bucket-count=8"
    "memorysetup-bucket-allocator-block-size=33554432"
    "memorysetup-bucket-allocator-block-count=8"
    "memorysetup-main-allocator-block-size=16777216"
    "memorysetup-thread-allocator-block-size=16777216"
    "memorysetup-gfx-main-allocator-block-size=16777216"
    "memorysetup-gfx-thread-allocator-block-size=16777216"
    "memorysetup-cache-allocator-block-size=4194304"
    "memorysetup-typetree-allocator-block-size=2097152"
    "memorysetup-profiler-bucket-allocator-granularity=16"
    "memorysetup-profiler-bucket-allocator-bucket-count=8"
    "memorysetup-profiler-bucket-allocator-block-size=33554432"
    "memorysetup-profiler-bucket-allocator-block-count=8"
    "memorysetup-profiler-allocator-block-size=16777216"
    "memorysetup-profiler-editor-allocator-block-size=1048576"
    "memorysetup-temp-allocator-size-main=16777216"
    "memorysetup-job-temp-allocator-block-size=2097152"
    "memorysetup-job-temp-allocator-block-size-background=1048576"
    "memorysetup-job-temp-allocator-reduction-small-platforms=262144"
    "memorysetup-temp-allocator-size-background-worker=32768"
    "memorysetup-temp-allocator-size-job-worker=262144"
    "memorysetup-temp-allocator-size-preload-manager=33554432"
    "memorysetup-temp-allocator-size-nav-mesh-worker=65536"
    "memorysetup-temp-allocator-size-audio-worker=65536"
    "memorysetup-temp-allocator-size-cloud-worker=32768"
    "memorysetup-temp-allocator-size-gi-baking-worker=262144"
    "memorysetup-temp-allocator-size-gfx=262144"
Player connection [24420] Host "[IP] 172.17.90.115 [Port] 0 [Flags] 2 [Guid] 2312561637 [EditorId] 2312561637 [Version] 1048832 [Id] WindowsEditor(7,DESKTOP-M30FNO0) [Debug] 1 [PackageName] WindowsEditor [ProjectName] Editor" joined multi-casting on [225.0.0.222:54997]...

Player connection [24420] Host "[IP] 172.17.90.115 [Port] 0 [Flags] 2 [Guid] 2312561637 [EditorId] 2312561637 [Version] 1048832 [Id] WindowsEditor(7,DESKTOP-M30FNO0) [Debug] 1 [PackageName] WindowsEditor [ProjectName] Editor" joined alternative multi-casting on [225.0.0.222:34997]...

Refreshing native plugins compatible for Editor in 101.45 ms, found 3 plugins.
Preloading 0 native plugins for Editor in 0.00 ms.
Initialize engine version: 2021.3.19f1 (c9714fde33b6)
[Subsystems] Discovering subsystems at path C:/Program Files/Unity/Hub/Editor/2021.3.19f1/Editor/Data/Resources/UnitySubsystems
[Subsystems] Discovering subsystems at path C:/Users/GA1A/Desktop/sleepingGames/SleepingGames/Assets
GfxDevice: creating device client; threaded=0; jobified=0
Direct3D:
    Version:  Direct3D 11.0 [level 11.1]
    Renderer: AMD Radeon RX 550 (ID=0x699f)
    Vendor:   ATI
    VRAM:     2027 MB
    Driver:   31.0.21905.1001
Initialize mono
Mono path[0] = 'C:/Program Files/Unity/Hub/Editor/2021.3.19f1/Editor/Data/Managed'
Mono path[1] = 'C:/Program Files/Unity/Hub/Editor/2021.3.19f1/Editor/Data/MonoBleedingEdge/lib/mono/unityjit-win32'
Mono config path = 'C:/Program Files/Unity/Hub/Editor/2021.3.19f1/Editor/Data/MonoBleedingEdge/etc'
Using monoOptions --debugger-agent=transport=dt_socket,embedding=1,server=y,suspend=n,address=127.0.0.1:56828
Begin MonoManager ReloadAssembly
Registering precompiled unity dll's ...
Register platform support module: C:/Program Files/Unity/Hub/Editor/2021.3.19f1/Editor/Data/PlaybackEngines/WindowsStandaloneSupport/UnityEditor.WindowsStandalone.Extensions.dll
Registered in 0.006651 seconds.
Native extension for WindowsStandalone target not found
Refreshing native plugins compatible for Editor in 90.75 ms, found 3 plugins.
Preloading 0 native plugins for Editor in 0.00 ms.
Mono: successfully reloaded assembly
- Completed reload, in  0.582 seconds
Domain Reload Profiling:
	ReloadAssembly (583ms)
		BeginReloadAssembly (70ms)
			ExecutionOrderSort (0ms)
			DisableScriptedObjects (0ms)
			BackupInstance (0ms)
			ReleaseScriptingObjects (0ms)
			CreateAndSetChildDomain (1ms)
		EndReloadAssembly (409ms)
			LoadAssemblies (68ms)
			RebuildTransferFunctionScriptingTraits (0ms)
			SetupTypeCache (91ms)
			ReleaseScriptCaches (0ms)
			RebuildScriptCaches (26ms)
			SetupLoadedEditorAssemblies (247ms)
				LogAssemblyErrors (0ms)
				InitializePlatformSupportModulesInManaged (7ms)
				SetLoadedEditorAssemblies (0ms)
				RefreshPlugins (91ms)
				BeforeProcessingInitializeOnLoad (1ms)
				ProcessInitializeOnLoadAttributes (108ms)
				ProcessInitializeOnLoadMethodAttributes (40ms)
				AfterProcessingInitializeOnLoad (0ms)
				EditorAssembliesLoaded (0ms)
			ExecutionOrderSort2 (0ms)
			AwakeInstancesAfterBackupRestoration (0ms)
Platform modules already initialized, skipping
Registering precompiled user dll's ...
Registered in 0.006268 seconds.
Begin MonoManager ReloadAssembly
Symbol file LoadedFromMemory doesn't match image C:\Users\GA1A\Desktop\sleepingGames\SleepingGames\Library\PackageCache\com.unity.visualscripting@1.8.0\Editor\VisualScripting.Core\Dependencies\DotNetZip\Unity.VisualScripting.IonicZip.dll
Symbol file LoadedFromMemory doesn't match image C:\Users\GA1A\Desktop\sleepingGames\SleepingGames\Library\PackageCache\com.unity.visualscripting@1.8.0\Editor\VisualScripting.Core\Dependencies\YamlDotNet\Unity.VisualScripting.YamlDotNet.dll
Native extension for WindowsStandalone target not found
Refreshing native plugins compatible for Editor in 0.77 ms, found 3 plugins.
Preloading 0 native plugins for Editor in 0.00 ms.
Mono: successfully reloaded assembly
- Completed reload, in  1.042 seconds
Domain Reload Profiling:
	ReloadAssembly (1043ms)
		BeginReloadAssembly (96ms)
			ExecutionOrderSort (0ms)
			DisableScriptedObjects (5ms)
			BackupInstance (0ms)
			ReleaseScriptingObjects (0ms)
			CreateAndSetChildDomain (18ms)
		EndReloadAssembly (843ms)
			LoadAssemblies (72ms)
			RebuildTransferFunctionScriptingTraits (0ms)
			SetupTypeCache (204ms)
			ReleaseScriptCaches (1ms)
			RebuildScriptCaches (49ms)
			SetupLoadedEditorAssemblies (483ms)
				LogAssemblyErrors (0ms)
				InitializePlatformSupportModulesInManaged (5ms)
				SetLoadedEditorAssemblies (0ms)
				RefreshPlugins (1ms)
				BeforeProcessingInitializeOnLoad (97ms)
				ProcessInitializeOnLoadAttributes (195ms)
				ProcessInitializeOnLoadMethodAttributes (178ms)
				AfterProcessingInitializeOnLoad (7ms)
				EditorAssembliesLoaded (0ms)
			ExecutionOrderSort2 (0ms)
			AwakeInstancesAfterBackupRestoration (6ms)
Platform modules already initialized, skipping
========================================================================
Worker process is ready to serve import requests
Launched and connected shader compiler UnityShaderCompiler.exe after 0.04 seconds
Refreshing native plugins compatible for Editor in 0.76 ms, found 3 plugins.
Preloading 0 native plugins for Editor in 0.00 ms.
Unloading 3942 Unused Serialized files (Serialized files now loaded: 0)
Unloading 65 unused Assets / (Unknown). Loaded Objects now: 4373.
Memory consumption went from 137.6 MB to 137.9 MB.
Total: 6.091400 ms (FindLiveObjects: 0.295200 ms CreateObjectMapping: 0.178700 ms MarkObjects: 5.512000 ms  DeleteObjects: 0.104800 ms)

AssetImportParameters requested are different than current active one (requested -> active):
  custom:video-decoder-ogg-theora: a1e56fd34408186e4bbccfd4996cb3dc -> 
  custom:container-muxer-webm: aa71ff27fc2769a1b78a27578f13a17b -> 
  custom:container-demuxer-webm: 4f35f7cbe854078d1ac9338744f61a02 -> 
  custom:video-encoder-webm-vp8: eb34c28f22e8b96e1ab97ce403110664 -> 
  custom:audio-encoder-webm-vorbis: bf7c407c2cedff20999df2af8eb42d56 -> 
  custom:framework-win-MediaFoundation: 216162199b28c13a410421893ffa2e32 -> 
  custom:container-demuxer-ogg: 62fdf1f143b41e24485cea50d1cbac27 -> 
  custom:video-decoder-webm-vp8: 9c59270c3fd7afecdb556c50c9e8de78 -> 
  custom:audio-decoder-ogg-vorbis: bf7c407c2cedff20999df2af8eb42d56 -> 
========================================================================
Received Import Request.
  Time since last request: 189778.772858 seconds.
  path: Assets/3Yoshida/Image.png
  artifactKey: Guid(5c3d267c4551160499ccc9557692f436) Importer(815301076,1909f56bfc062723c751e8b465ee728b)
Start importing Assets/3Yoshida/Image.png using Guid(5c3d267c4551160499ccc9557692f436) Importer(815301076,1909f56bfc062723c751e8b465ee728b)  -> (artifact id: '1a92612f7c59ca87b9f758da1f07f921') in 0.108381 seconds 
========================================================================
Received Import Request.
  Time since last request: 0.484457 seconds.
  path: Assets/All Stages/Stage2/gomibako1.png
  artifactKey: Guid(4973ef2612a69cb43a0029b77e62df5a) Importer(815301076,1909f56bfc062723c751e8b465ee728b)
Start importing Assets/All Stages/Stage2/gomibako1.png using Guid(4973ef2612a69cb43a0029b77e62df5a) Importer(815301076,1909f56bfc062723c751e8b465ee728b)  -> (artifact id: '872ba06baa9bd5b6ccf5bf21de26ec4a') in 0.019879 seconds 
========================================================================
Received Import Request.
  Time since last request: 0.000025 seconds.
  path: Assets/All Stages/Stage2/husenyerrow.png
  artifactKey: Guid(c9843cf64fa328c42a5ee6d43aacbba7) Importer(815301076,1909f56bfc062723c751e8b465ee728b)
Start importing Assets/All Stages/Stage2/husenyerrow.png using Guid(c9843cf64fa328c42a5ee6d43aacbba7) Importer(815301076,1909f56bfc062723c751e8b465ee728b)  -> (artifact id: '66f096e958263230d567680884c5d751') in 0.012871 seconds 
========================================================================
Received Import Request.
  Time since last request: 0.000025 seconds.
  path: Assets/All Stages/Stage2/husenpurple.png
  artifactKey: Guid(0f157fa96cd539f42bd67e065523af5c) Importer(815301076,1909f56bfc062723c751e8b465ee728b)
Start importing Assets/All Stages/Stage2/husenpurple.png using Guid(0f157fa96cd539f42bd67e065523af5c) Importer(815301076,1909f56bfc062723c751e8b465ee728b)  -> (artifact id: 'a01aee9ca4eca300ffabdd5546168ea3') in 0.013983 seconds 
========================================================================
Received Import Request.
  Time since last request: 0.000024 seconds.
  path: Assets/All Stages/Stage2/husenbrue.png
  artifactKey: Guid(889ed50c446658845a46838c6ad6d20b) Importer(815301076,1909f56bfc062723c751e8b465ee728b)
Start importing Assets/All Stages/Stage2/husenbrue.png using Guid(889ed50c446658845a46838c6ad6d20b) Importer(815301076,1909f56bfc062723c751e8b465ee728b)  -> (artifact id: '3fb2f6d9675af0db8849e6f9b0d5b126') in 0.013165 seconds 
========================================================================
Received Import Request.
  Time since last request: 0.000032 seconds.
  path: Assets/All Stages/Stage2/husengreen.png
  artifactKey: Guid(94745bd9f5ca4e94e9f145066618ac6d) Importer(815301076,1909f56bfc062723c751e8b465ee728b)
Start importing Assets/All Stages/Stage2/husengreen.png using Guid(94745bd9f5ca4e94e9f145066618ac6d) Importer(815301076,1909f56bfc062723c751e8b465ee728b)  -> (artifact id: '0c2a84cf677f1b91971f06c0d54a9bc6') in 0.014320 seconds 
========================================================================
Received Import Request.
  Time since last request: 0.000024 seconds.
  path: Assets/All Stages/Stage2/suberidai.png
  artifactKey: Guid(478d887ec512b5a4ab624bab4ae20c88) Importer(815301076,1909f56bfc062723c751e8b465ee728b)
Start importing Assets/All Stages/Stage2/suberidai.png using Guid(478d887ec512b5a4ab624bab4ae20c88) Importer(815301076,1909f56bfc062723c751e8b465ee728b)  -> (artifact id: '2dbc024ac060b26e62a740e9cf809ad5') in 0.014375 seconds 
========================================================================
Received Import Request.
  Time since last request: 0.000033 seconds.
  path: Assets/All Stages/Stage2/husenred.png
  artifactKey: Guid(cfc61f0f07cf5a64da72a0c64a9f431f) Importer(815301076,1909f56bfc062723c751e8b465ee728b)
Start importing Assets/All Stages/Stage2/husenred.png using Guid(cfc61f0f07cf5a64da72a0c64a9f431f) Importer(815301076,1909f56bfc062723c751e8b465ee728b)  -> (artifact id: '44f1343cf1b05e0fd756bd410b400ba9') in 0.013763 seconds 
========================================================================
Received Import Request.
  Time since last request: 16.502267 seconds.
  path: Assets/All Stages/Stage6/husen3.png
  artifactKey: Guid(3c9fdd13472b5b64da58b70903c97346) Importer(815301076,1909f56bfc062723c751e8b465ee728b)
Start importing Assets/All Stages/Stage6/husen3.png using Guid(3c9fdd13472b5b64da58b70903c97346) Importer(815301076,1909f56bfc062723c751e8b465ee728b)  -> (artifact id: 'df844e2dc52fd787bcaf97a75bbea61d') in 0.013378 seconds 
========================================================================
Received Import Request.
  Time since last request: 0.000016 seconds.
  path: Assets/All Stages/Stage6/up.png
  artifactKey: Guid(5faf4bbbc1770cc47a5fc8c87c94e671) Importer(815301076,1909f56bfc062723c751e8b465ee728b)
Start importing Assets/All Stages/Stage6/up.png using Guid(5faf4bbbc1770cc47a5fc8c87c94e671) Importer(815301076,1909f56bfc062723c751e8b465ee728b)  -> (artifact id: '5c65035c0348ca5320ed9fc5d14eccc1') in 0.014710 seconds 
========================================================================
Received Import Request.
  Time since last request: 0.000019 seconds.
  path: Assets/All Stages/Stage6/kanbanue.png
  artifactKey: Guid(7c56498d401192e42a9ff0bc457cad23) Importer(815301076,1909f56bfc062723c751e8b465ee728b)
Start importing Assets/All Stages/Stage6/kanbanue.png using Guid(7c56498d401192e42a9ff0bc457cad23) Importer(815301076,1909f56bfc062723c751e8b465ee728b)  -> (artifact id: 'f18fef718e177b6f07cb5ee923abfb83') in 0.014876 seconds 
========================================================================
Received Import Request.
  Time since last request: 0.000021 seconds.
  path: Assets/All Stages/Stage6/yuka.png
  artifactKey: Guid(b0895feb69616bb4e8676845fc91b055) Importer(815301076,1909f56bfc062723c751e8b465ee728b)
Start importing Assets/All Stages/Stage6/yuka.png using Guid(b0895feb69616bb4e8676845fc91b055) Importer(815301076,1909f56bfc062723c751e8b465ee728b)  -> (artifact id: 'ed904aad21e977969b8ebb7f903be79d') in 0.014836 seconds 
========================================================================
Received Import Request.
  Time since last request: 0.000025 seconds.
  path: Assets/All Stages/Stage6/wall2.png
  artifactKey: Guid(6d818ff46f999fc4d8356502876de819) Importer(815301076,1909f56bfc062723c751e8b465ee728b)
Start importing Assets/All Stages/Stage6/wall2.png using Guid(6d818ff46f999fc4d8356502876de819) Importer(815301076,1909f56bfc062723c751e8b465ee728b)  -> (artifact id: '5a11fa654cd51376db9a2920106506d6') in 0.015853 seconds 
========================================================================
Received Prepare
Registering precompiled user dll's ...
Registered in 0.006950 seconds.
Begin MonoManager ReloadAssembly
Symbol file LoadedFromMemory doesn't match image C:\Users\GA1A\Desktop\sleepingGames\SleepingGames\Library\PackageCache\com.unity.visualscripting@1.8.0\Editor\VisualScripting.Core\Dependencies\DotNetZip\Unity.VisualScripting.IonicZip.dll
Symbol file LoadedFromMemory doesn't match image C:\Users\GA1A\Desktop\sleepingGames\SleepingGames\Library\PackageCache\com.unity.visualscripting@1.8.0\Editor\VisualScripting.Core\Dependencies\YamlDotNet\Unity.VisualScripting.YamlDotNet.dll
Native extension for WindowsStandalone target not found
Refreshing native plugins compatible for Editor in 0.77 ms, found 3 plugins.
Preloading 0 native plugins for Editor in 0.00 ms.
Mono: successfully reloaded assembly
- Completed reload, in  1.044 seconds
Domain Reload Profiling:
	ReloadAssembly (1045ms)
		BeginReloadAssembly (118ms)
			ExecutionOrderSort (0ms)
			DisableScriptedObjects (7ms)
			BackupInstance (0ms)
			ReleaseScriptingObjects (0ms)
			CreateAndSetChildDomain (34ms)
		EndReloadAssembly (839ms)
			LoadAssemblies (80ms)
			RebuildTransferFunctionScriptingTraits (0ms)
			SetupTypeCache (221ms)
			ReleaseScriptCaches (1ms)
			RebuildScriptCaches (46ms)
			SetupLoadedEditorAssemblies (441ms)
				LogAssemblyErrors (0ms)
				InitializePlatformSupportModulesInManaged (11ms)
				SetLoadedEditorAssemblies (0ms)
				RefreshPlugins (1ms)
				BeforeProcessingInitializeOnLoad (80ms)
				ProcessInitializeOnLoadAttributes (208ms)
				ProcessInitializeOnLoadMethodAttributes (133ms)
				AfterProcessingInitializeOnLoad (7ms)
				EditorAssembliesLoaded (0ms)
			ExecutionOrderSort2 (0ms)
			AwakeInstancesAfterBackupRestoration (8ms)
Platform modules already initialized, skipping
Refreshing native plugins compatible for Editor in 5.32 ms, found 3 plugins.
Preloading 0 native plugins for Editor in 0.00 ms.
Unloading 3923 Unused Serialized files (Serialized files now loaded: 0)
Unloading 54 unused Assets / (25.7 KB). Loaded Objects now: 4382.
Memory consumption went from 140.5 MB to 140.4 MB.
Total: 5.483700 ms (FindLiveObjects: 0.288600 ms CreateObjectMapping: 0.205000 ms MarkObjects: 4.948100 ms  DeleteObjects: 0.041400 ms)

AssetImportParameters requested are different than current active one (requested -> active):
  custom:video-decoder-ogg-theora: a1e56fd34408186e4bbccfd4996cb3dc -> 
  custom:container-muxer-webm: aa71ff27fc2769a1b78a27578f13a17b -> 
  custom:container-demuxer-webm: 4f35f7cbe854078d1ac9338744f61a02 -> 
  custom:video-encoder-webm-vp8: eb34c28f22e8b96e1ab97ce403110664 -> 
  custom:audio-encoder-webm-vorbis: bf7c407c2cedff20999df2af8eb42d56 -> 
  custom:framework-win-MediaFoundation: 216162199b28c13a410421893ffa2e32 -> 
  custom:container-demuxer-ogg: 62fdf1f143b41e24485cea50d1cbac27 -> 
  custom:video-decoder-webm-vp8: 9c59270c3fd7afecdb556c50c9e8de78 -> 
  custom:audio-decoder-ogg-vorbis: bf7c407c2cedff20999df2af8eb42d56 -> 
