Using pre-set license
Built from '2021.3/staging' branch; Version is '2021.3.19f1 (c9714fde33b6) revision 13201743'; Using compiler version '192829333'; Build Type 'Release'
OS: 'Windows 10  (10.0.19045) 64bit Professional' Language: 'ja' Physical Memory: 8009 MB
BatchMode: 1, IsHumanControllingUs: 0, StartBugReporterOnCrash: 0, Is64bit: 1, IsPro: 1

COMMAND LINE ARGUMENTS:
C:\Program Files\Unity\Hub\Editor\2021.3.19f1\Editor\Unity.exe
-adb2
-batchMode
-noUpm
-name
AssetImportWorker0
-projectPath
C:/Users/GA1A/Desktop/sleepingGames/SleepingGames
-logFile
Logs/AssetImportWorker0.log
-srvPort
54149
Successfully changed project path to: C:/Users/GA1A/Desktop/sleepingGames/SleepingGames
C:/Users/GA1A/Desktop/sleepingGames/SleepingGames
[UnityMemory] Configuration Parameters - Can be set up in boot.config
    "memorysetup-bucket-allocator-granularity=16"
    "memorysetup-bucket-allocator-bucket-count=8"
    "memorysetup-bucket-allocator-block-size=33554432"
    "memorysetup-bucket-allocator-block-count=8"
    "memorysetup-main-allocator-block-size=16777216"
    "memorysetup-thread-allocator-block-size=16777216"
    "memorysetup-gfx-main-allocator-block-size=16777216"
    "memorysetup-gfx-thread-allocator-block-size=16777216"
    "memorysetup-cache-allocator-block-size=4194304"
    "memorysetup-typetree-allocator-block-size=2097152"
    "memorysetup-profiler-bucket-allocator-granularity=16"
    "memorysetup-profiler-bucket-allocator-bucket-count=8"
    "memorysetup-profiler-bucket-allocator-block-size=33554432"
    "memorysetup-profiler-bucket-allocator-block-count=8"
    "memorysetup-profiler-allocator-block-size=16777216"
    "memorysetup-profiler-editor-allocator-block-size=1048576"
    "memorysetup-temp-allocator-size-main=16777216"
    "memorysetup-job-temp-allocator-block-size=2097152"
    "memorysetup-job-temp-allocator-block-size-background=1048576"
    "memorysetup-job-temp-allocator-reduction-small-platforms=262144"
    "memorysetup-temp-allocator-size-background-worker=32768"
    "memorysetup-temp-allocator-size-job-worker=262144"
    "memorysetup-temp-allocator-size-preload-manager=33554432"
    "memorysetup-temp-allocator-size-nav-mesh-worker=65536"
    "memorysetup-temp-allocator-size-audio-worker=65536"
    "memorysetup-temp-allocator-size-cloud-worker=32768"
    "memorysetup-temp-allocator-size-gi-baking-worker=262144"
    "memorysetup-temp-allocator-size-gfx=262144"
Player connection [21764] Host "[IP] 172.17.90.115 [Port] 0 [Flags] 2 [Guid] 637223919 [EditorId] 637223919 [Version] 1048832 [Id] WindowsEditor(7,DESKTOP-M30FNO0) [Debug] 1 [PackageName] WindowsEditor [ProjectName] Editor" joined multi-casting on [225.0.0.222:54997]...

Player connection [21764] Host "[IP] 172.17.90.115 [Port] 0 [Flags] 2 [Guid] 637223919 [EditorId] 637223919 [Version] 1048832 [Id] WindowsEditor(7,DESKTOP-M30FNO0) [Debug] 1 [PackageName] WindowsEditor [ProjectName] Editor" joined alternative multi-casting on [225.0.0.222:34997]...

Refreshing native plugins compatible for Editor in 101.31 ms, found 3 plugins.
Preloading 0 native plugins for Editor in 0.00 ms.
Initialize engine version: 2021.3.19f1 (c9714fde33b6)
[Subsystems] Discovering subsystems at path C:/Program Files/Unity/Hub/Editor/2021.3.19f1/Editor/Data/Resources/UnitySubsystems
[Subsystems] Discovering subsystems at path C:/Users/GA1A/Desktop/sleepingGames/SleepingGames/Assets
GfxDevice: creating device client; threaded=0; jobified=0
Direct3D:
    Version:  Direct3D 11.0 [level 11.1]
    Renderer: AMD Radeon RX 550 (ID=0x699f)
    Vendor:   ATI
    VRAM:     2027 MB
    Driver:   31.0.21905.1001
Initialize mono
Mono path[0] = 'C:/Program Files/Unity/Hub/Editor/2021.3.19f1/Editor/Data/Managed'
Mono path[1] = 'C:/Program Files/Unity/Hub/Editor/2021.3.19f1/Editor/Data/MonoBleedingEdge/lib/mono/unityjit-win32'
Mono config path = 'C:/Program Files/Unity/Hub/Editor/2021.3.19f1/Editor/Data/MonoBleedingEdge/etc'
Using monoOptions --debugger-agent=transport=dt_socket,embedding=1,server=y,suspend=n,address=127.0.0.1:56212
Begin MonoManager ReloadAssembly
Registering precompiled unity dll's ...
Register platform support module: C:/Program Files/Unity/Hub/Editor/2021.3.19f1/Editor/Data/PlaybackEngines/WindowsStandaloneSupport/UnityEditor.WindowsStandalone.Extensions.dll
Registered in 0.006558 seconds.
Native extension for WindowsStandalone target not found
Refreshing native plugins compatible for Editor in 91.69 ms, found 3 plugins.
Preloading 0 native plugins for Editor in 0.00 ms.
Mono: successfully reloaded assembly
- Completed reload, in  0.579 seconds
Domain Reload Profiling:
	ReloadAssembly (580ms)
		BeginReloadAssembly (70ms)
			ExecutionOrderSort (0ms)
			DisableScriptedObjects (0ms)
			BackupInstance (0ms)
			ReleaseScriptingObjects (0ms)
			CreateAndSetChildDomain (1ms)
		EndReloadAssembly (407ms)
			LoadAssemblies (68ms)
			RebuildTransferFunctionScriptingTraits (0ms)
			SetupTypeCache (91ms)
			ReleaseScriptCaches (0ms)
			RebuildScriptCaches (25ms)
			SetupLoadedEditorAssemblies (245ms)
				LogAssemblyErrors (0ms)
				InitializePlatformSupportModulesInManaged (7ms)
				SetLoadedEditorAssemblies (0ms)
				RefreshPlugins (92ms)
				BeforeProcessingInitializeOnLoad (1ms)
				ProcessInitializeOnLoadAttributes (106ms)
				ProcessInitializeOnLoadMethodAttributes (39ms)
				AfterProcessingInitializeOnLoad (0ms)
				EditorAssembliesLoaded (0ms)
			ExecutionOrderSort2 (0ms)
			AwakeInstancesAfterBackupRestoration (0ms)
Platform modules already initialized, skipping
Registering precompiled user dll's ...
Registered in 0.006346 seconds.
Begin MonoManager ReloadAssembly
Symbol file LoadedFromMemory doesn't match image C:\Users\GA1A\Desktop\sleepingGames\SleepingGames\Library\PackageCache\com.unity.visualscripting@1.8.0\Editor\VisualScripting.Core\Dependencies\DotNetZip\Unity.VisualScripting.IonicZip.dll
Symbol file LoadedFromMemory doesn't match image C:\Users\GA1A\Desktop\sleepingGames\SleepingGames\Library\PackageCache\com.unity.visualscripting@1.8.0\Editor\VisualScripting.Core\Dependencies\YamlDotNet\Unity.VisualScripting.YamlDotNet.dll
Native extension for WindowsStandalone target not found
Refreshing native plugins compatible for Editor in 0.78 ms, found 3 plugins.
Preloading 0 native plugins for Editor in 0.00 ms.
Mono: successfully reloaded assembly
- Completed reload, in  0.989 seconds
Domain Reload Profiling:
	ReloadAssembly (989ms)
		BeginReloadAssembly (98ms)
			ExecutionOrderSort (0ms)
			DisableScriptedObjects (5ms)
			BackupInstance (0ms)
			ReleaseScriptingObjects (0ms)
			CreateAndSetChildDomain (18ms)
		EndReloadAssembly (788ms)
			LoadAssemblies (75ms)
			RebuildTransferFunctionScriptingTraits (0ms)
			SetupTypeCache (204ms)
			ReleaseScriptCaches (1ms)
			RebuildScriptCaches (49ms)
			SetupLoadedEditorAssemblies (427ms)
				LogAssemblyErrors (0ms)
				InitializePlatformSupportModulesInManaged (5ms)
				SetLoadedEditorAssemblies (0ms)
				RefreshPlugins (1ms)
				BeforeProcessingInitializeOnLoad (98ms)
				ProcessInitializeOnLoadAttributes (198ms)
				ProcessInitializeOnLoadMethodAttributes (117ms)
				AfterProcessingInitializeOnLoad (7ms)
				EditorAssembliesLoaded (0ms)
			ExecutionOrderSort2 (0ms)
			AwakeInstancesAfterBackupRestoration (6ms)
Platform modules already initialized, skipping
========================================================================
Worker process is ready to serve import requests
Launched and connected shader compiler UnityShaderCompiler.exe after 0.04 seconds
Refreshing native plugins compatible for Editor in 0.86 ms, found 3 plugins.
Preloading 0 native plugins for Editor in 0.00 ms.
Unloading 3942 Unused Serialized files (Serialized files now loaded: 0)
Unloading 65 unused Assets / (Unknown). Loaded Objects now: 4373.
Memory consumption went from 137.6 MB to 137.9 MB.
Total: 6.025200 ms (FindLiveObjects: 0.311900 ms CreateObjectMapping: 0.246500 ms MarkObjects: 5.384300 ms  DeleteObjects: 0.081800 ms)

AssetImportParameters requested are different than current active one (requested -> active):
  custom:video-decoder-ogg-theora: a1e56fd34408186e4bbccfd4996cb3dc -> 
  custom:container-muxer-webm: aa71ff27fc2769a1b78a27578f13a17b -> 
  custom:container-demuxer-webm: 4f35f7cbe854078d1ac9338744f61a02 -> 
  custom:video-encoder-webm-vp8: eb34c28f22e8b96e1ab97ce403110664 -> 
  custom:audio-encoder-webm-vorbis: bf7c407c2cedff20999df2af8eb42d56 -> 
  custom:framework-win-MediaFoundation: 216162199b28c13a410421893ffa2e32 -> 
  custom:container-demuxer-ogg: 62fdf1f143b41e24485cea50d1cbac27 -> 
  custom:video-decoder-webm-vp8: 9c59270c3fd7afecdb556c50c9e8de78 -> 
  custom:audio-decoder-ogg-vorbis: bf7c407c2cedff20999df2af8eb42d56 -> 
========================================================================
Received Import Request.
  Time since last request: 189778.721073 seconds.
  path: Assets/3Yoshida/Square.prefab
  artifactKey: Guid(8918ed1f349ffd6458876950d42f73d1) Importer(815301076,1909f56bfc062723c751e8b465ee728b)
Start importing Assets/3Yoshida/Square.prefab using Guid(8918ed1f349ffd6458876950d42f73d1) Importer(815301076,1909f56bfc062723c751e8b465ee728b)  -> (artifact id: '8536c982a064ec3c370d419144d3a0a9') in 0.102729 seconds 
========================================================================
Received Import Request.
  Time since last request: 0.000022 seconds.
  path: Assets/3Yoshida/poteti.png
  artifactKey: Guid(6349c2d4d9d27d14a9b00c5065ab0956) Importer(815301076,1909f56bfc062723c751e8b465ee728b)
Start importing Assets/3Yoshida/poteti.png using Guid(6349c2d4d9d27d14a9b00c5065ab0956) Importer(815301076,1909f56bfc062723c751e8b465ee728b)  -> (artifact id: 'e07cad73676cee291abba71fdc7bfaf2') in 0.032169 seconds 
========================================================================
Received Import Request.
  Time since last request: 0.503364 seconds.
  path: Assets/All Stages/Stage2/benti.png
  artifactKey: Guid(56f274ff6d2f1dd4c98b12fa43dde94e) Importer(815301076,1909f56bfc062723c751e8b465ee728b)
Start importing Assets/All Stages/Stage2/benti.png using Guid(56f274ff6d2f1dd4c98b12fa43dde94e) Importer(815301076,1909f56bfc062723c751e8b465ee728b)  -> (artifact id: 'c3ca8e4a9fb8c1d0c6cf208b2326e13f') in 0.020447 seconds 
========================================================================
Received Import Request.
  Time since last request: 0.000020 seconds.
  path: Assets/All Stages/Stage2/gomibako2.png
  artifactKey: Guid(bd897cf7bd3765c45847fde2b18021ca) Importer(815301076,1909f56bfc062723c751e8b465ee728b)
Start importing Assets/All Stages/Stage2/gomibako2.png using Guid(bd897cf7bd3765c45847fde2b18021ca) Importer(815301076,1909f56bfc062723c751e8b465ee728b)  -> (artifact id: '22e2487f899494392af55fc1c058efe3') in 0.012042 seconds 
========================================================================
Received Import Request.
  Time since last request: 0.000018 seconds.
  path: Assets/All Stages/Stage2/hunsuisita.png
  artifactKey: Guid(e35094562c3ef154399f5917a04e5637) Importer(815301076,1909f56bfc062723c751e8b465ee728b)
Start importing Assets/All Stages/Stage2/hunsuisita.png using Guid(e35094562c3ef154399f5917a04e5637) Importer(815301076,1909f56bfc062723c751e8b465ee728b)  -> (artifact id: '2a79f5bbe0131804d84df9cb655a82c5') in 0.018206 seconds 
========================================================================
Received Import Request.
  Time since last request: 0.000017 seconds.
  path: Assets/All Stages/Stage2/husenorange.png
  artifactKey: Guid(959f7acbb3861e64d85217615f9f579e) Importer(815301076,1909f56bfc062723c751e8b465ee728b)
Start importing Assets/All Stages/Stage2/husenorange.png using Guid(959f7acbb3861e64d85217615f9f579e) Importer(815301076,1909f56bfc062723c751e8b465ee728b)  -> (artifact id: '63f595464557341a387f3d93280c54f2') in 0.013003 seconds 
========================================================================
Received Import Request.
  Time since last request: 0.000016 seconds.
  path: Assets/All Stages/Stage2/sky.png
  artifactKey: Guid(c2a3caa7f2269414ab589372d346b183) Importer(815301076,1909f56bfc062723c751e8b465ee728b)
Start importing Assets/All Stages/Stage2/sky.png using Guid(c2a3caa7f2269414ab589372d346b183) Importer(815301076,1909f56bfc062723c751e8b465ee728b)  -> (artifact id: '44456964148463a971c2475c12f2898f') in 0.017451 seconds 
========================================================================
Received Import Request.
  Time since last request: 0.000022 seconds.
  path: Assets/All Stages/Stage2/peetobotoru.prefab
  artifactKey: Guid(2cc0305f6c52f7946bfbe84290a25be9) Importer(815301076,1909f56bfc062723c751e8b465ee728b)
Start importing Assets/All Stages/Stage2/peetobotoru.prefab using Guid(2cc0305f6c52f7946bfbe84290a25be9) Importer(815301076,1909f56bfc062723c751e8b465ee728b)  -> (artifact id: '7a3d016cb6049b167e964735fc996272') in 0.015796 seconds 
========================================================================
Received Import Request.
  Time since last request: 0.000017 seconds.
  path: Assets/All Stages/Stage2/ground.png
  artifactKey: Guid(54179c4eb225d0245ae02834765ac87c) Importer(815301076,1909f56bfc062723c751e8b465ee728b)
Start importing Assets/All Stages/Stage2/ground.png using Guid(54179c4eb225d0245ae02834765ac87c) Importer(815301076,1909f56bfc062723c751e8b465ee728b)  -> (artifact id: '2d61eae3a02ccd10855ea0b063678191') in 0.019815 seconds 
========================================================================
Received Import Request.
  Time since last request: 1.742067 seconds.
  path: Assets/All Stages/Stage1/Stage1.unity
  artifactKey: Guid(2eca5ceb308cdfd48a97823f33c0407a) Importer(815301076,1909f56bfc062723c751e8b465ee728b)
Start importing Assets/All Stages/Stage1/Stage1.unity using Guid(2eca5ceb308cdfd48a97823f33c0407a) Importer(815301076,1909f56bfc062723c751e8b465ee728b)  -> (artifact id: '8024b2416edb5f732f76d838cbfe90fb') in 0.007423 seconds 
========================================================================
Received Import Request.
  Time since last request: 14.733767 seconds.
  path: Assets/All Stages/Stage6/haguruma.png
  artifactKey: Guid(dfc6f7d967eb96f47aec5263059114c4) Importer(815301076,1909f56bfc062723c751e8b465ee728b)
Start importing Assets/All Stages/Stage6/haguruma.png using Guid(dfc6f7d967eb96f47aec5263059114c4) Importer(815301076,1909f56bfc062723c751e8b465ee728b)  -> (artifact id: '24756a9c32cbe1fa8dae1dee73c7c3e3') in 0.030454 seconds 
========================================================================
Received Import Request.
  Time since last request: 0.000021 seconds.
  path: Assets/All Stages/Stage6/kanbansita.png
  artifactKey: Guid(beef6b404aedccf4babc1944a3d2ba10) Importer(815301076,1909f56bfc062723c751e8b465ee728b)
Start importing Assets/All Stages/Stage6/kanbansita.png using Guid(beef6b404aedccf4babc1944a3d2ba10) Importer(815301076,1909f56bfc062723c751e8b465ee728b)  -> (artifact id: '6e5402f2a6857213608862d9d978a728') in 0.015672 seconds 
========================================================================
Received Import Request.
  Time since last request: 0.000031 seconds.
  path: Assets/All Stages/Stage6/husen4 (4).png
  artifactKey: Guid(c7a02a8dbaa731843824ff175eb1dce0) Importer(815301076,1909f56bfc062723c751e8b465ee728b)
Start importing Assets/All Stages/Stage6/husen4 (4).png using Guid(c7a02a8dbaa731843824ff175eb1dce0) Importer(815301076,1909f56bfc062723c751e8b465ee728b)  -> (artifact id: 'adf83640b9c660ada2f62e3b828bf0fe') in 0.013944 seconds 
========================================================================
Received Import Request.
  Time since last request: 0.000034 seconds.
  path: Assets/All Stages/Stage6/wall.png
  artifactKey: Guid(1eaff7d0b929b29458a85351e87155f0) Importer(815301076,1909f56bfc062723c751e8b465ee728b)
Start importing Assets/All Stages/Stage6/wall.png using Guid(1eaff7d0b929b29458a85351e87155f0) Importer(815301076,1909f56bfc062723c751e8b465ee728b)  -> (artifact id: 'fa6d71ab01ec4b67c9e220fcd03fa1ef') in 0.015359 seconds 
Editor requested this worker to shutdown with reason: Scaling down because of idle timeout
AssetImportWorker is now disconnected from the server
Process exiting
Exiting without the bug reporter. Application will terminate with return code 0