Using pre-set license
Built from '2021.3/staging' branch; Version is '2021.3.19f1 (c9714fde33b6) revision 13201743'; Using compiler version '192829333'; Build Type 'Release'
OS: 'Windows 10  (10.0.19045) 64bit Professional' Language: 'ja' Physical Memory: 8009 MB
BatchMode: 1, IsHumanControllingUs: 0, StartBugReporterOnCrash: 0, Is64bit: 1, IsPro: 1

COMMAND LINE ARGUMENTS:
C:\Program Files\Unity\Hub\Editor\2021.3.19f1\Editor\Unity.exe
-adb2
-batchMode
-noUpm
-name
AssetImportWorker4
-projectPath
C:/Users/GA1A/Desktop/sleepingGames/SleepingGames
-logFile
Logs/AssetImportWorker4.log
-srvPort
52785
Successfully changed project path to: C:/Users/GA1A/Desktop/sleepingGames/SleepingGames
C:/Users/GA1A/Desktop/sleepingGames/SleepingGames
[UnityMemory] Configuration Parameters - Can be set up in boot.config
    "memorysetup-bucket-allocator-granularity=16"
    "memorysetup-bucket-allocator-bucket-count=8"
    "memorysetup-bucket-allocator-block-size=33554432"
    "memorysetup-bucket-allocator-block-count=8"
    "memorysetup-main-allocator-block-size=16777216"
    "memorysetup-thread-allocator-block-size=16777216"
    "memorysetup-gfx-main-allocator-block-size=16777216"
    "memorysetup-gfx-thread-allocator-block-size=16777216"
    "memorysetup-cache-allocator-block-size=4194304"
    "memorysetup-typetree-allocator-block-size=2097152"
    "memorysetup-profiler-bucket-allocator-granularity=16"
    "memorysetup-profiler-bucket-allocator-bucket-count=8"
    "memorysetup-profiler-bucket-allocator-block-size=33554432"
    "memorysetup-profiler-bucket-allocator-block-count=8"
    "memorysetup-profiler-allocator-block-size=16777216"
    "memorysetup-profiler-editor-allocator-block-size=1048576"
    "memorysetup-temp-allocator-size-main=16777216"
    "memorysetup-job-temp-allocator-block-size=2097152"
    "memorysetup-job-temp-allocator-block-size-background=1048576"
    "memorysetup-job-temp-allocator-reduction-small-platforms=262144"
    "memorysetup-temp-allocator-size-background-worker=32768"
    "memorysetup-temp-allocator-size-job-worker=262144"
    "memorysetup-temp-allocator-size-preload-manager=33554432"
    "memorysetup-temp-allocator-size-nav-mesh-worker=65536"
    "memorysetup-temp-allocator-size-audio-worker=65536"
    "memorysetup-temp-allocator-size-cloud-worker=32768"
    "memorysetup-temp-allocator-size-gi-baking-worker=262144"
    "memorysetup-temp-allocator-size-gfx=262144"
Player connection [10188] Host "[IP] 172.17.90.115 [Port] 0 [Flags] 2 [Guid] 3304553709 [EditorId] 3304553709 [Version] 1048832 [Id] WindowsEditor(7,DESKTOP-M30FNO0) [Debug] 1 [PackageName] WindowsEditor [ProjectName] Editor" joined multi-casting on [225.0.0.222:54997]...

Player connection [10188] Host "[IP] 172.17.90.115 [Port] 0 [Flags] 2 [Guid] 3304553709 [EditorId] 3304553709 [Version] 1048832 [Id] WindowsEditor(7,DESKTOP-M30FNO0) [Debug] 1 [PackageName] WindowsEditor [ProjectName] Editor" joined alternative multi-casting on [225.0.0.222:34997]...

Refreshing native plugins compatible for Editor in 84.75 ms, found 4 plugins.
Preloading 0 native plugins for Editor in 0.00 ms.
Initialize engine version: 2021.3.19f1 (c9714fde33b6)
[Subsystems] Discovering subsystems at path C:/Program Files/Unity/Hub/Editor/2021.3.19f1/Editor/Data/Resources/UnitySubsystems
[Subsystems] Discovering subsystems at path C:/Users/GA1A/Desktop/sleepingGames/SleepingGames/Assets
GfxDevice: creating device client; threaded=0; jobified=0
Direct3D:
    Version:  Direct3D 11.0 [level 11.1]
    Renderer: AMD Radeon RX 550 (ID=0x699f)
    Vendor:   ATI
    VRAM:     2027 MB
    Driver:   31.0.21905.1001
Initialize mono
Mono path[0] = 'C:/Program Files/Unity/Hub/Editor/2021.3.19f1/Editor/Data/Managed'
Mono path[1] = 'C:/Program Files/Unity/Hub/Editor/2021.3.19f1/Editor/Data/MonoBleedingEdge/lib/mono/unityjit-win32'
Mono config path = 'C:/Program Files/Unity/Hub/Editor/2021.3.19f1/Editor/Data/MonoBleedingEdge/etc'
Using monoOptions --debugger-agent=transport=dt_socket,embedding=1,server=y,suspend=n,address=127.0.0.1:56516
Begin MonoManager ReloadAssembly
Registering precompiled unity dll's ...
Register platform support module: C:/Program Files/Unity/Hub/Editor/2021.3.19f1/Editor/Data/PlaybackEngines/WindowsStandaloneSupport/UnityEditor.WindowsStandalone.Extensions.dll
Registered in 0.006034 seconds.
Native extension for WindowsStandalone target not found
Refreshing native plugins compatible for Editor in 80.23 ms, found 4 plugins.
Preloading 0 native plugins for Editor in 0.00 ms.
Mono: successfully reloaded assembly
- Completed reload, in  0.920 seconds
Domain Reload Profiling:
	ReloadAssembly (920ms)
		BeginReloadAssembly (69ms)
			ExecutionOrderSort (0ms)
			DisableScriptedObjects (0ms)
			BackupInstance (0ms)
			ReleaseScriptingObjects (0ms)
			CreateAndSetChildDomain (1ms)
		EndReloadAssembly (607ms)
			LoadAssemblies (67ms)
			RebuildTransferFunctionScriptingTraits (0ms)
			SetupTypeCache (297ms)
			ReleaseScriptCaches (0ms)
			RebuildScriptCaches (25ms)
			SetupLoadedEditorAssemblies (241ms)
				LogAssemblyErrors (0ms)
				InitializePlatformSupportModulesInManaged (7ms)
				SetLoadedEditorAssemblies (0ms)
				RefreshPlugins (80ms)
				BeforeProcessingInitializeOnLoad (1ms)
				ProcessInitializeOnLoadAttributes (107ms)
				ProcessInitializeOnLoadMethodAttributes (46ms)
				AfterProcessingInitializeOnLoad (0ms)
				EditorAssembliesLoaded (0ms)
			ExecutionOrderSort2 (0ms)
			AwakeInstancesAfterBackupRestoration (0ms)
Platform modules already initialized, skipping
Registering precompiled user dll's ...
Registered in 0.006191 seconds.
Begin MonoManager ReloadAssembly
Symbol file LoadedFromMemory doesn't match image C:\Users\GA1A\Desktop\sleepingGames\SleepingGames\Library\PackageCache\com.unity.visualscripting@1.8.0\Editor\VisualScripting.Core\Dependencies\YamlDotNet\Unity.VisualScripting.YamlDotNet.dll
Symbol file LoadedFromMemory doesn't match image C:\Users\GA1A\Desktop\sleepingGames\SleepingGames\Library\PackageCache\com.unity.visualscripting@1.8.0\Editor\VisualScripting.Core\Dependencies\DotNetZip\Unity.VisualScripting.IonicZip.dll
Native extension for WindowsStandalone target not found
Refreshing native plugins compatible for Editor in 80.46 ms, found 4 plugins.
Preloading 0 native plugins for Editor in 0.00 ms.
Mono: successfully reloaded assembly
- Completed reload, in  1.085 seconds
Domain Reload Profiling:
	ReloadAssembly (1086ms)
		BeginReloadAssembly (100ms)
			ExecutionOrderSort (0ms)
			DisableScriptedObjects (5ms)
			BackupInstance (0ms)
			ReleaseScriptingObjects (0ms)
			CreateAndSetChildDomain (17ms)
		EndReloadAssembly (884ms)
			LoadAssemblies (81ms)
			RebuildTransferFunctionScriptingTraits (0ms)
			SetupTypeCache (205ms)
			ReleaseScriptCaches (1ms)
			RebuildScriptCaches (52ms)
			SetupLoadedEditorAssemblies (510ms)
				LogAssemblyErrors (0ms)
				InitializePlatformSupportModulesInManaged (4ms)
				SetLoadedEditorAssemblies (0ms)
				RefreshPlugins (81ms)
				BeforeProcessingInitializeOnLoad (86ms)
				ProcessInitializeOnLoadAttributes (301ms)
				ProcessInitializeOnLoadMethodAttributes (32ms)
				AfterProcessingInitializeOnLoad (7ms)
				EditorAssembliesLoaded (0ms)
			ExecutionOrderSort2 (0ms)
			AwakeInstancesAfterBackupRestoration (6ms)
Platform modules already initialized, skipping
========================================================================
Worker process is ready to serve import requests
Launched and connected shader compiler UnityShaderCompiler.exe after 0.04 seconds
Refreshing native plugins compatible for Editor in 0.63 ms, found 4 plugins.
Preloading 0 native plugins for Editor in 0.00 ms.
Unloading 3918 Unused Serialized files (Serialized files now loaded: 0)
Unloading 48 unused Assets / (128.9 KB). Loaded Objects now: 4377.
Memory consumption went from 153.4 MB to 153.3 MB.
Total: 2.970000 ms (FindLiveObjects: 0.283800 ms CreateObjectMapping: 0.165700 ms MarkObjects: 2.444700 ms  DeleteObjects: 0.074800 ms)

AssetImportParameters requested are different than current active one (requested -> active):
  custom:video-decoder-ogg-theora: a1e56fd34408186e4bbccfd4996cb3dc -> 
  custom:container-muxer-webm: aa71ff27fc2769a1b78a27578f13a17b -> 
  custom:container-demuxer-webm: 4f35f7cbe854078d1ac9338744f61a02 -> 
  custom:video-encoder-webm-vp8: eb34c28f22e8b96e1ab97ce403110664 -> 
  custom:audio-encoder-webm-vorbis: bf7c407c2cedff20999df2af8eb42d56 -> 
  custom:framework-win-MediaFoundation: 216162199b28c13a410421893ffa2e32 -> 
  custom:container-demuxer-ogg: 62fdf1f143b41e24485cea50d1cbac27 -> 
  custom:video-decoder-webm-vp8: 9c59270c3fd7afecdb556c50c9e8de78 -> 
  custom:audio-decoder-ogg-vorbis: bf7c407c2cedff20999df2af8eb42d56 -> 
========================================================================
Received Import Request.
  Time since last request: 184752.127498 seconds.
  path: Assets/All Stages/End/New Scene.unity
  artifactKey: Guid(5a15cd4b61bcc324dba27e5488b7f502) Importer(815301076,1909f56bfc062723c751e8b465ee728b)
Start importing Assets/All Stages/End/New Scene.unity using Guid(5a15cd4b61bcc324dba27e5488b7f502) Importer(815301076,1909f56bfc062723c751e8b465ee728b)  -> (artifact id: '8328fa5c82a6298a5c53e9f1f68aeed0') in 0.012135 seconds 
========================================================================
Received Import Request.
  Time since last request: 5.598160 seconds.
  path: Assets/All Stages/End/End.unity
  artifactKey: Guid(5a15cd4b61bcc324dba27e5488b7f502) Importer(815301076,1909f56bfc062723c751e8b465ee728b)
Start importing Assets/All Stages/End/End.unity using Guid(5a15cd4b61bcc324dba27e5488b7f502) Importer(815301076,1909f56bfc062723c751e8b465ee728b)  -> (artifact id: '774ce47c93b398d32f3649a3eb4beb93') in 0.008527 seconds 
========================================================================
Received Prepare
Registering precompiled user dll's ...
Registered in 0.005786 seconds.
Begin MonoManager ReloadAssembly
Symbol file LoadedFromMemory doesn't match image C:\Users\GA1A\Desktop\sleepingGames\SleepingGames\Library\PackageCache\com.unity.visualscripting@1.8.0\Editor\VisualScripting.Core\Dependencies\YamlDotNet\Unity.VisualScripting.YamlDotNet.dll
Symbol file LoadedFromMemory doesn't match image C:\Users\GA1A\Desktop\sleepingGames\SleepingGames\Library\PackageCache\com.unity.visualscripting@1.8.0\Editor\VisualScripting.Core\Dependencies\DotNetZip\Unity.VisualScripting.IonicZip.dll
Native extension for WindowsStandalone target not found
Refreshing native plugins compatible for Editor in 0.66 ms, found 4 plugins.
Preloading 0 native plugins for Editor in 0.00 ms.
Mono: successfully reloaded assembly
- Completed reload, in  0.957 seconds
Domain Reload Profiling:
	ReloadAssembly (957ms)
		BeginReloadAssembly (116ms)
			ExecutionOrderSort (0ms)
			DisableScriptedObjects (6ms)
			BackupInstance (0ms)
			ReleaseScriptingObjects (0ms)
			CreateAndSetChildDomain (31ms)
		EndReloadAssembly (746ms)
			LoadAssemblies (83ms)
			RebuildTransferFunctionScriptingTraits (0ms)
			SetupTypeCache (242ms)
			ReleaseScriptCaches (1ms)
			RebuildScriptCaches (47ms)
			SetupLoadedEditorAssemblies (328ms)
				LogAssemblyErrors (0ms)
				InitializePlatformSupportModulesInManaged (13ms)
				SetLoadedEditorAssemblies (0ms)
				RefreshPlugins (1ms)
				BeforeProcessingInitializeOnLoad (76ms)
				ProcessInitializeOnLoadAttributes (199ms)
				ProcessInitializeOnLoadMethodAttributes (31ms)
				AfterProcessingInitializeOnLoad (7ms)
				EditorAssembliesLoaded (0ms)
			ExecutionOrderSort2 (0ms)
			AwakeInstancesAfterBackupRestoration (8ms)
Platform modules already initialized, skipping
Refreshing native plugins compatible for Editor in 2.32 ms, found 4 plugins.
Preloading 0 native plugins for Editor in 0.00 ms.
Unloading 3907 Unused Serialized files (Serialized files now loaded: 0)
Unloading 23 unused Assets / (95.4 KB). Loaded Objects now: 4392.
Memory consumption went from 152.2 MB to 152.1 MB.
Total: 2.848800 ms (FindLiveObjects: 0.286400 ms CreateObjectMapping: 0.174600 ms MarkObjects: 2.352600 ms  DeleteObjects: 0.034500 ms)

AssetImportParameters requested are different than current active one (requested -> active):
  custom:video-decoder-ogg-theora: a1e56fd34408186e4bbccfd4996cb3dc -> 
  custom:container-muxer-webm: aa71ff27fc2769a1b78a27578f13a17b -> 
  custom:container-demuxer-webm: 4f35f7cbe854078d1ac9338744f61a02 -> 
  custom:video-encoder-webm-vp8: eb34c28f22e8b96e1ab97ce403110664 -> 
  custom:audio-encoder-webm-vorbis: bf7c407c2cedff20999df2af8eb42d56 -> 
  custom:framework-win-MediaFoundation: 216162199b28c13a410421893ffa2e32 -> 
  custom:container-demuxer-ogg: 62fdf1f143b41e24485cea50d1cbac27 -> 
  custom:video-decoder-webm-vp8: 9c59270c3fd7afecdb556c50c9e8de78 -> 
  custom:audio-decoder-ogg-vorbis: bf7c407c2cedff20999df2af8eb42d56 -> 
========================================================================
Received Prepare
Registering precompiled user dll's ...
Registered in 0.006647 seconds.
Begin MonoManager ReloadAssembly
Symbol file LoadedFromMemory doesn't match image C:\Users\GA1A\Desktop\sleepingGames\SleepingGames\Library\PackageCache\com.unity.visualscripting@1.8.0\Editor\VisualScripting.Core\Dependencies\YamlDotNet\Unity.VisualScripting.YamlDotNet.dll
Symbol file LoadedFromMemory doesn't match image C:\Users\GA1A\Desktop\sleepingGames\SleepingGames\Library\PackageCache\com.unity.visualscripting@1.8.0\Editor\VisualScripting.Core\Dependencies\DotNetZip\Unity.VisualScripting.IonicZip.dll
Native extension for WindowsStandalone target not found
Refreshing native plugins compatible for Editor in 0.67 ms, found 4 plugins.
Preloading 0 native plugins for Editor in 0.00 ms.
Mono: successfully reloaded assembly
- Completed reload, in  0.965 seconds
Domain Reload Profiling:
	ReloadAssembly (965ms)
		BeginReloadAssembly (122ms)
			ExecutionOrderSort (0ms)
			DisableScriptedObjects (5ms)
			BackupInstance (0ms)
			ReleaseScriptingObjects (0ms)
			CreateAndSetChildDomain (31ms)
		EndReloadAssembly (751ms)
			LoadAssemblies (81ms)
			RebuildTransferFunctionScriptingTraits (0ms)
			SetupTypeCache (235ms)
			ReleaseScriptCaches (1ms)
			RebuildScriptCaches (48ms)
			SetupLoadedEditorAssemblies (343ms)
				LogAssemblyErrors (0ms)
				InitializePlatformSupportModulesInManaged (12ms)
				SetLoadedEditorAssemblies (0ms)
				RefreshPlugins (1ms)
				BeforeProcessingInitializeOnLoad (73ms)
				ProcessInitializeOnLoadAttributes (213ms)
				ProcessInitializeOnLoadMethodAttributes (37ms)
				AfterProcessingInitializeOnLoad (8ms)
				EditorAssembliesLoaded (0ms)
			ExecutionOrderSort2 (0ms)
			AwakeInstancesAfterBackupRestoration (8ms)
Platform modules already initialized, skipping
Refreshing native plugins compatible for Editor in 2.12 ms, found 4 plugins.
Preloading 0 native plugins for Editor in 0.00 ms.
Unloading 3907 Unused Serialized files (Serialized files now loaded: 0)
Unloading 23 unused Assets / (95.4 KB). Loaded Objects now: 4407.
Memory consumption went from 152.2 MB to 152.1 MB.
Total: 3.719600 ms (FindLiveObjects: 0.286300 ms CreateObjectMapping: 0.206200 ms MarkObjects: 3.188600 ms  DeleteObjects: 0.037600 ms)

AssetImportParameters requested are different than current active one (requested -> active):
  custom:video-decoder-ogg-theora: a1e56fd34408186e4bbccfd4996cb3dc -> 
  custom:container-muxer-webm: aa71ff27fc2769a1b78a27578f13a17b -> 
  custom:container-demuxer-webm: 4f35f7cbe854078d1ac9338744f61a02 -> 
  custom:video-encoder-webm-vp8: eb34c28f22e8b96e1ab97ce403110664 -> 
  custom:audio-encoder-webm-vorbis: bf7c407c2cedff20999df2af8eb42d56 -> 
  custom:framework-win-MediaFoundation: 216162199b28c13a410421893ffa2e32 -> 
  custom:container-demuxer-ogg: 62fdf1f143b41e24485cea50d1cbac27 -> 
  custom:video-decoder-webm-vp8: 9c59270c3fd7afecdb556c50c9e8de78 -> 
  custom:audio-decoder-ogg-vorbis: bf7c407c2cedff20999df2af8eb42d56 -> 
========================================================================
Received Prepare
Registering precompiled user dll's ...
Registered in 0.007195 seconds.
Begin MonoManager ReloadAssembly
Symbol file LoadedFromMemory doesn't match image C:\Users\GA1A\Desktop\sleepingGames\SleepingGames\Library\PackageCache\com.unity.visualscripting@1.8.0\Editor\VisualScripting.Core\Dependencies\YamlDotNet\Unity.VisualScripting.YamlDotNet.dll
Symbol file LoadedFromMemory doesn't match image C:\Users\GA1A\Desktop\sleepingGames\SleepingGames\Library\PackageCache\com.unity.visualscripting@1.8.0\Editor\VisualScripting.Core\Dependencies\DotNetZip\Unity.VisualScripting.IonicZip.dll
Native extension for WindowsStandalone target not found
Refreshing native plugins compatible for Editor in 0.65 ms, found 4 plugins.
Preloading 0 native plugins for Editor in 0.00 ms.
Mono: successfully reloaded assembly
- Completed reload, in  0.949 seconds
Domain Reload Profiling:
	ReloadAssembly (949ms)
		BeginReloadAssembly (112ms)
			ExecutionOrderSort (0ms)
			DisableScriptedObjects (5ms)
			BackupInstance (0ms)
			ReleaseScriptingObjects (0ms)
			CreateAndSetChildDomain (30ms)
		EndReloadAssembly (749ms)
			LoadAssemblies (72ms)
			RebuildTransferFunctionScriptingTraits (0ms)
			SetupTypeCache (229ms)
			ReleaseScriptCaches (2ms)
			RebuildScriptCaches (50ms)
			SetupLoadedEditorAssemblies (343ms)
				LogAssemblyErrors (0ms)
				InitializePlatformSupportModulesInManaged (13ms)
				SetLoadedEditorAssemblies (0ms)
				RefreshPlugins (1ms)
				BeforeProcessingInitializeOnLoad (75ms)
				ProcessInitializeOnLoadAttributes (211ms)
				ProcessInitializeOnLoadMethodAttributes (35ms)
				AfterProcessingInitializeOnLoad (7ms)
				EditorAssembliesLoaded (0ms)
			ExecutionOrderSort2 (0ms)
			AwakeInstancesAfterBackupRestoration (9ms)
Platform modules already initialized, skipping
Refreshing native plugins compatible for Editor in 2.23 ms, found 4 plugins.
Preloading 0 native plugins for Editor in 0.00 ms.
Unloading 3907 Unused Serialized files (Serialized files now loaded: 0)
Unloading 23 unused Assets / (95.3 KB). Loaded Objects now: 4422.
Memory consumption went from 152.3 MB to 152.2 MB.
Total: 3.093400 ms (FindLiveObjects: 0.295300 ms CreateObjectMapping: 0.232200 ms MarkObjects: 2.529700 ms  DeleteObjects: 0.035300 ms)

AssetImportParameters requested are different than current active one (requested -> active):
  custom:video-decoder-ogg-theora: a1e56fd34408186e4bbccfd4996cb3dc -> 
  custom:container-muxer-webm: aa71ff27fc2769a1b78a27578f13a17b -> 
  custom:container-demuxer-webm: 4f35f7cbe854078d1ac9338744f61a02 -> 
  custom:video-encoder-webm-vp8: eb34c28f22e8b96e1ab97ce403110664 -> 
  custom:audio-encoder-webm-vorbis: bf7c407c2cedff20999df2af8eb42d56 -> 
  custom:framework-win-MediaFoundation: 216162199b28c13a410421893ffa2e32 -> 
  custom:container-demuxer-ogg: 62fdf1f143b41e24485cea50d1cbac27 -> 
  custom:video-decoder-webm-vp8: 9c59270c3fd7afecdb556c50c9e8de78 -> 
  custom:audio-decoder-ogg-vorbis: bf7c407c2cedff20999df2af8eb42d56 -> 
========================================================================
Received Prepare
Registering precompiled user dll's ...
Registered in 0.006177 seconds.
Begin MonoManager ReloadAssembly
Symbol file LoadedFromMemory doesn't match image C:\Users\GA1A\Desktop\sleepingGames\SleepingGames\Library\PackageCache\com.unity.visualscripting@1.8.0\Editor\VisualScripting.Core\Dependencies\YamlDotNet\Unity.VisualScripting.YamlDotNet.dll
Symbol file LoadedFromMemory doesn't match image C:\Users\GA1A\Desktop\sleepingGames\SleepingGames\Library\PackageCache\com.unity.visualscripting@1.8.0\Editor\VisualScripting.Core\Dependencies\DotNetZip\Unity.VisualScripting.IonicZip.dll
Native extension for WindowsStandalone target not found
Refreshing native plugins compatible for Editor in 0.73 ms, found 4 plugins.
Preloading 0 native plugins for Editor in 0.00 ms.
Mono: successfully reloaded assembly
- Completed reload, in  0.945 seconds
Domain Reload Profiling:
	ReloadAssembly (946ms)
		BeginReloadAssembly (111ms)
			ExecutionOrderSort (0ms)
			DisableScriptedObjects (6ms)
			BackupInstance (0ms)
			ReleaseScriptingObjects (0ms)
			CreateAndSetChildDomain (31ms)
		EndReloadAssembly (747ms)
			LoadAssemblies (72ms)
			RebuildTransferFunctionScriptingTraits (0ms)
			SetupTypeCache (227ms)
			ReleaseScriptCaches (1ms)
			RebuildScriptCaches (51ms)
			SetupLoadedEditorAssemblies (342ms)
				LogAssemblyErrors (0ms)
				InitializePlatformSupportModulesInManaged (13ms)
				SetLoadedEditorAssemblies (1ms)
				RefreshPlugins (1ms)
				BeforeProcessingInitializeOnLoad (73ms)
				ProcessInitializeOnLoadAttributes (211ms)
				ProcessInitializeOnLoadMethodAttributes (35ms)
				AfterProcessingInitializeOnLoad (9ms)
				EditorAssembliesLoaded (0ms)
			ExecutionOrderSort2 (0ms)
			AwakeInstancesAfterBackupRestoration (9ms)
Platform modules already initialized, skipping
Refreshing native plugins compatible for Editor in 2.22 ms, found 4 plugins.
Preloading 0 native plugins for Editor in 0.00 ms.
Unloading 3907 Unused Serialized files (Serialized files now loaded: 0)
Unloading 23 unused Assets / (95.4 KB). Loaded Objects now: 4437.
Memory consumption went from 152.3 MB to 152.2 MB.
Total: 2.936500 ms (FindLiveObjects: 0.323000 ms CreateObjectMapping: 0.220900 ms MarkObjects: 2.354300 ms  DeleteObjects: 0.037200 ms)

AssetImportParameters requested are different than current active one (requested -> active):
  custom:video-decoder-ogg-theora: a1e56fd34408186e4bbccfd4996cb3dc -> 
  custom:container-muxer-webm: aa71ff27fc2769a1b78a27578f13a17b -> 
  custom:container-demuxer-webm: 4f35f7cbe854078d1ac9338744f61a02 -> 
  custom:video-encoder-webm-vp8: eb34c28f22e8b96e1ab97ce403110664 -> 
  custom:audio-encoder-webm-vorbis: bf7c407c2cedff20999df2af8eb42d56 -> 
  custom:framework-win-MediaFoundation: 216162199b28c13a410421893ffa2e32 -> 
  custom:container-demuxer-ogg: 62fdf1f143b41e24485cea50d1cbac27 -> 
  custom:video-decoder-webm-vp8: 9c59270c3fd7afecdb556c50c9e8de78 -> 
  custom:audio-decoder-ogg-vorbis: bf7c407c2cedff20999df2af8eb42d56 -> 
========================================================================
Received Prepare
Registering precompiled user dll's ...
Registered in 0.005959 seconds.
Begin MonoManager ReloadAssembly
Symbol file LoadedFromMemory doesn't match image C:\Users\GA1A\Desktop\sleepingGames\SleepingGames\Library\PackageCache\com.unity.visualscripting@1.8.0\Editor\VisualScripting.Core\Dependencies\YamlDotNet\Unity.VisualScripting.YamlDotNet.dll
Symbol file LoadedFromMemory doesn't match image C:\Users\GA1A\Desktop\sleepingGames\SleepingGames\Library\PackageCache\com.unity.visualscripting@1.8.0\Editor\VisualScripting.Core\Dependencies\DotNetZip\Unity.VisualScripting.IonicZip.dll
Native extension for WindowsStandalone target not found
Refreshing native plugins compatible for Editor in 0.67 ms, found 4 plugins.
Preloading 0 native plugins for Editor in 0.00 ms.
Mono: successfully reloaded assembly
- Completed reload, in  0.936 seconds
Domain Reload Profiling:
	ReloadAssembly (937ms)
		BeginReloadAssembly (116ms)
			ExecutionOrderSort (0ms)
			DisableScriptedObjects (5ms)
			BackupInstance (0ms)
			ReleaseScriptingObjects (0ms)
			CreateAndSetChildDomain (31ms)
		EndReloadAssembly (734ms)
			LoadAssemblies (75ms)
			RebuildTransferFunctionScriptingTraits (0ms)
			SetupTypeCache (218ms)
			ReleaseScriptCaches (1ms)
			RebuildScriptCaches (50ms)
			SetupLoadedEditorAssemblies (339ms)
				LogAssemblyErrors (0ms)
				InitializePlatformSupportModulesInManaged (11ms)
				SetLoadedEditorAssemblies (0ms)
				RefreshPlugins (1ms)
				BeforeProcessingInitializeOnLoad (71ms)
				ProcessInitializeOnLoadAttributes (211ms)
				ProcessInitializeOnLoadMethodAttributes (36ms)
				AfterProcessingInitializeOnLoad (8ms)
				EditorAssembliesLoaded (0ms)
			ExecutionOrderSort2 (0ms)
			AwakeInstancesAfterBackupRestoration (9ms)
Platform modules already initialized, skipping
Refreshing native plugins compatible for Editor in 2.20 ms, found 4 plugins.
Preloading 0 native plugins for Editor in 0.00 ms.
Unloading 3907 Unused Serialized files (Serialized files now loaded: 0)
Unloading 23 unused Assets / (95.4 KB). Loaded Objects now: 4452.
Memory consumption went from 152.3 MB to 152.2 MB.
Total: 3.018100 ms (FindLiveObjects: 0.326700 ms CreateObjectMapping: 0.234400 ms MarkObjects: 2.416000 ms  DeleteObjects: 0.040300 ms)

AssetImportParameters requested are different than current active one (requested -> active):
  custom:video-decoder-ogg-theora: a1e56fd34408186e4bbccfd4996cb3dc -> 
  custom:container-muxer-webm: aa71ff27fc2769a1b78a27578f13a17b -> 
  custom:container-demuxer-webm: 4f35f7cbe854078d1ac9338744f61a02 -> 
  custom:video-encoder-webm-vp8: eb34c28f22e8b96e1ab97ce403110664 -> 
  custom:audio-encoder-webm-vorbis: bf7c407c2cedff20999df2af8eb42d56 -> 
  custom:framework-win-MediaFoundation: 216162199b28c13a410421893ffa2e32 -> 
  custom:container-demuxer-ogg: 62fdf1f143b41e24485cea50d1cbac27 -> 
  custom:video-decoder-webm-vp8: 9c59270c3fd7afecdb556c50c9e8de78 -> 
  custom:audio-decoder-ogg-vorbis: bf7c407c2cedff20999df2af8eb42d56 -> 
========================================================================
Received Import Request.
  Time since last request: 609.733820 seconds.
  path: Assets/All Stages/End/1tana.png
  artifactKey: Guid(d2f670908809fa645846f565f07a0368) Importer(815301076,1909f56bfc062723c751e8b465ee728b)
Start importing Assets/All Stages/End/1tana.png using Guid(d2f670908809fa645846f565f07a0368) Importer(815301076,1909f56bfc062723c751e8b465ee728b)  -> (artifact id: '0a851e226775e7fe9aa45d6d391ca969') in 0.096357 seconds 
========================================================================
Received Import Request.
  Time since last request: 0.746779 seconds.
  path: Assets/All Stages/End/tana.png
  artifactKey: Guid(debd10bec59fd9c4ba5327419cbaf5ed) Importer(815301076,1909f56bfc062723c751e8b465ee728b)
Start importing Assets/All Stages/End/tana.png using Guid(debd10bec59fd9c4ba5327419cbaf5ed) Importer(815301076,1909f56bfc062723c751e8b465ee728b)  -> (artifact id: '0103dbfa5d144a10cc3c0004f43c98fc') in 0.013491 seconds 
========================================================================
Received Import Request.
  Time since last request: 640.770772 seconds.
  path: Assets/All Stages/End/1ta2na.png
  artifactKey: Guid(cde592a572705e447a654ebb48a20f22) Importer(815301076,1909f56bfc062723c751e8b465ee728b)
Start importing Assets/All Stages/End/1ta2na.png using Guid(cde592a572705e447a654ebb48a20f22) Importer(815301076,1909f56bfc062723c751e8b465ee728b)  -> (artifact id: '7f74482949bea2158721b5f06afea156') in 0.013698 seconds 
========================================================================
Received Import Request.
  Time since last request: 131.943000 seconds.
  path: Assets/All Stages/Stage2/abcdefgehkeeoi.png
  artifactKey: Guid(0baf23404c6942947b511a7f30bcab5a) Importer(815301076,1909f56bfc062723c751e8b465ee728b)
Start importing Assets/All Stages/Stage2/abcdefgehkeeoi.png using Guid(0baf23404c6942947b511a7f30bcab5a) Importer(815301076,1909f56bfc062723c751e8b465ee728b)  -> (artifact id: '5b5605260f4ff78059662ee79baa2c4c') in 0.016589 seconds 
========================================================================
Received Import Request.
  Time since last request: 0.000015 seconds.
  path: Assets/All Stages/Stage2/husen2.png
  artifactKey: Guid(18e7faf5df31b6e408ef0b39eaa70946) Importer(815301076,1909f56bfc062723c751e8b465ee728b)
Start importing Assets/All Stages/Stage2/husen2.png using Guid(18e7faf5df31b6e408ef0b39eaa70946) Importer(815301076,1909f56bfc062723c751e8b465ee728b)  -> (artifact id: '9b76ad21df7de2ef3f44572f236f1f3f') in 0.020356 seconds 
========================================================================
Received Import Request.
  Time since last request: 0.000032 seconds.
  path: Assets/All Stages/Stage2/husenyerrow.png
  artifactKey: Guid(c9843cf64fa328c42a5ee6d43aacbba7) Importer(815301076,1909f56bfc062723c751e8b465ee728b)
Start importing Assets/All Stages/Stage2/husenyerrow.png using Guid(c9843cf64fa328c42a5ee6d43aacbba7) Importer(815301076,1909f56bfc062723c751e8b465ee728b)  -> (artifact id: '3509e8c0c11f882b2b12150975bc77e4') in 0.014215 seconds 
========================================================================
Received Import Request.
  Time since last request: 0.000016 seconds.
  path: Assets/All Stages/Stage2/benti.png
  artifactKey: Guid(56f274ff6d2f1dd4c98b12fa43dde94e) Importer(815301076,1909f56bfc062723c751e8b465ee728b)
Start importing Assets/All Stages/Stage2/benti.png using Guid(56f274ff6d2f1dd4c98b12fa43dde94e) Importer(815301076,1909f56bfc062723c751e8b465ee728b)  -> (artifact id: '725ba9140b0d7fcb4d3d519830b95fdd') in 0.014581 seconds 
========================================================================
Received Import Request.
  Time since last request: 0.000017 seconds.
  path: Assets/All Stages/Stage2/gomibako2.png
  artifactKey: Guid(bd897cf7bd3765c45847fde2b18021ca) Importer(815301076,1909f56bfc062723c751e8b465ee728b)
Start importing Assets/All Stages/Stage2/gomibako2.png using Guid(bd897cf7bd3765c45847fde2b18021ca) Importer(815301076,1909f56bfc062723c751e8b465ee728b)  -> (artifact id: 'c6ec60d02bd2e63ab758e3777f9ea882') in 0.013052 seconds 
========================================================================
Received Import Request.
  Time since last request: 0.000037 seconds.
  path: Assets/All Stages/Stage2/hunsuisita.png
  artifactKey: Guid(e35094562c3ef154399f5917a04e5637) Importer(815301076,1909f56bfc062723c751e8b465ee728b)
Start importing Assets/All Stages/Stage2/hunsuisita.png using Guid(e35094562c3ef154399f5917a04e5637) Importer(815301076,1909f56bfc062723c751e8b465ee728b)  -> (artifact id: 'cc85f77207105ca884f9255547419166') in 0.021303 seconds 
========================================================================
Received Import Request.
  Time since last request: 0.000013 seconds.
  path: Assets/All Stages/Stage2/husengreen.png
  artifactKey: Guid(94745bd9f5ca4e94e9f145066618ac6d) Importer(815301076,1909f56bfc062723c751e8b465ee728b)
Start importing Assets/All Stages/Stage2/husengreen.png using Guid(94745bd9f5ca4e94e9f145066618ac6d) Importer(815301076,1909f56bfc062723c751e8b465ee728b)  -> (artifact id: 'e7f70b3c8d55a57f452ba11b73f62e4a') in 0.019128 seconds 
========================================================================
Received Import Request.
  Time since last request: 0.000018 seconds.
  path: Assets/All Stages/Stage2/suberidai.png
  artifactKey: Guid(478d887ec512b5a4ab624bab4ae20c88) Importer(815301076,1909f56bfc062723c751e8b465ee728b)
Start importing Assets/All Stages/Stage2/suberidai.png using Guid(478d887ec512b5a4ab624bab4ae20c88) Importer(815301076,1909f56bfc062723c751e8b465ee728b)  -> (artifact id: '37433c76f0f81e8fa11ba91de1757503') in 0.015321 seconds 
========================================================================
Received Import Request.
  Time since last request: 0.000021 seconds.
  path: Assets/All Stages/Stage2/gomibako1.png
  artifactKey: Guid(4973ef2612a69cb43a0029b77e62df5a) Importer(815301076,1909f56bfc062723c751e8b465ee728b)
Start importing Assets/All Stages/Stage2/gomibako1.png using Guid(4973ef2612a69cb43a0029b77e62df5a) Importer(815301076,1909f56bfc062723c751e8b465ee728b)  -> (artifact id: '712bc2438a236b94a33ba9fb7d1b47dc') in 0.013241 seconds 
========================================================================
Received Import Request.
  Time since last request: 0.000023 seconds.
  path: Assets/All Stages/Stage2/husenred.png
  artifactKey: Guid(cfc61f0f07cf5a64da72a0c64a9f431f) Importer(815301076,1909f56bfc062723c751e8b465ee728b)
Start importing Assets/All Stages/Stage2/husenred.png using Guid(cfc61f0f07cf5a64da72a0c64a9f431f) Importer(815301076,1909f56bfc062723c751e8b465ee728b)  -> (artifact id: '8aedb8dea6df1269b6fc3dd472f18b83') in 0.014173 seconds 
========================================================================
Received Import Request.
  Time since last request: 0.000020 seconds.
  path: Assets/All Stages/Stage2/husen.png
  artifactKey: Guid(932631ef5c641524b84a0ec7d24315df) Importer(815301076,1909f56bfc062723c751e8b465ee728b)
Start importing Assets/All Stages/Stage2/husen.png using Guid(932631ef5c641524b84a0ec7d24315df) Importer(815301076,1909f56bfc062723c751e8b465ee728b)  -> (artifact id: '66c05bf9c0c5027658c91109d591bc85') in 0.018817 seconds 
========================================================================
Received Import Request.
  Time since last request: 42.266700 seconds.
  path: Assets/All Stages/Stage3/aki-kan 1.png
  artifactKey: Guid(41cab192caf56e0419f1426c58ca4b4c) Importer(815301076,1909f56bfc062723c751e8b465ee728b)
Start importing Assets/All Stages/Stage3/aki-kan 1.png using Guid(41cab192caf56e0419f1426c58ca4b4c) Importer(815301076,1909f56bfc062723c751e8b465ee728b)  -> (artifact id: 'cd9e15ec61a9984665bb645a9f8ffb12') in 0.023971 seconds 
========================================================================
Received Import Request.
  Time since last request: 0.000023 seconds.
  path: Assets/All Stages/Stage3/gomibako3.png
  artifactKey: Guid(4cbec4f2975c1d143b034f45848dfd0b) Importer(815301076,1909f56bfc062723c751e8b465ee728b)
Start importing Assets/All Stages/Stage3/gomibako3.png using Guid(4cbec4f2975c1d143b034f45848dfd0b) Importer(815301076,1909f56bfc062723c751e8b465ee728b)  -> (artifact id: '8b716ea607a5fe969f859724ac522093') in 0.020589 seconds 
========================================================================
Received Import Request.
  Time since last request: 0.000035 seconds.
  path: Assets/All Stages/Stage3/gomibako2.png
  artifactKey: Guid(ab57f2f581686544dac5dc614e26181d) Importer(815301076,1909f56bfc062723c751e8b465ee728b)
Start importing Assets/All Stages/Stage3/gomibako2.png using Guid(ab57f2f581686544dac5dc614e26181d) Importer(815301076,1909f56bfc062723c751e8b465ee728b)  -> (artifact id: 'ef63c49c67ce2bdd0006297beca21b51') in 0.020694 seconds 
========================================================================
Received Import Request.
  Time since last request: 0.000018 seconds.
  path: Assets/All Stages/Stage3/tokei.png
  artifactKey: Guid(65c1ba789298c104b883b5f233c4dfe4) Importer(815301076,1909f56bfc062723c751e8b465ee728b)
Start importing Assets/All Stages/Stage3/tokei.png using Guid(65c1ba789298c104b883b5f233c4dfe4) Importer(815301076,1909f56bfc062723c751e8b465ee728b)  -> (artifact id: '87a26899c4dfdb2ad7706d1461b6d227') in 0.019877 seconds 
========================================================================
Received Import Request.
  Time since last request: 0.000030 seconds.
  path: Assets/All Stages/Stage3/block4.png
  artifactKey: Guid(9a00b43c234ff44428bd8cedbefb2027) Importer(815301076,1909f56bfc062723c751e8b465ee728b)
Start importing Assets/All Stages/Stage3/block4.png using Guid(9a00b43c234ff44428bd8cedbefb2027) Importer(815301076,1909f56bfc062723c751e8b465ee728b)  -> (artifact id: '330f870b02cad6804f4b3f79a8b99eac') in 0.019377 seconds 
========================================================================
Received Import Request.
  Time since last request: 0.000017 seconds.
  path: Assets/All Stages/Stage3/husuma.png
  artifactKey: Guid(fc1049b35aaa64b44abc6b0bcaeda68a) Importer(815301076,1909f56bfc062723c751e8b465ee728b)
Start importing Assets/All Stages/Stage3/husuma.png using Guid(fc1049b35aaa64b44abc6b0bcaeda68a) Importer(815301076,1909f56bfc062723c751e8b465ee728b)  -> (artifact id: '1b61a783360a4630c9f27091e2e4c86e') in 0.021385 seconds 
========================================================================
Received Import Request.
  Time since last request: 0.000015 seconds.
  path: Assets/All Stages/Stage3/husuma2.png
  artifactKey: Guid(2602c9209ef8d7d44b3d8bd058c470c8) Importer(815301076,1909f56bfc062723c751e8b465ee728b)
Start importing Assets/All Stages/Stage3/husuma2.png using Guid(2602c9209ef8d7d44b3d8bd058c470c8) Importer(815301076,1909f56bfc062723c751e8b465ee728b)  -> (artifact id: '4fc613104fd540534f02aec895e9089a') in 0.021021 seconds 
========================================================================
Received Import Request.
  Time since last request: 0.000024 seconds.
  path: Assets/All Stages/Stage3/fire.png
  artifactKey: Guid(4b1c1d8b81eb9ba43b6f45d924cae8c4) Importer(815301076,1909f56bfc062723c751e8b465ee728b)
Start importing Assets/All Stages/Stage3/fire.png using Guid(4b1c1d8b81eb9ba43b6f45d924cae8c4) Importer(815301076,1909f56bfc062723c751e8b465ee728b)  -> (artifact id: 'c0cb16e1432887f9cfe04274163c7657') in 0.015218 seconds 
========================================================================
Received Import Request.
  Time since last request: 20.414655 seconds.
  path: Assets/All Stages/Stage4/enpitu 1.png
  artifactKey: Guid(30b13c64b1cf9e9449a1c75aec7a7277) Importer(815301076,1909f56bfc062723c751e8b465ee728b)
Start importing Assets/All Stages/Stage4/enpitu 1.png using Guid(30b13c64b1cf9e9449a1c75aec7a7277) Importer(815301076,1909f56bfc062723c751e8b465ee728b)  -> (artifact id: '2a6ba872eaf8dcb098da644f4c1d6a33') in 0.025576 seconds 
========================================================================
Received Import Request.
  Time since last request: 0.000017 seconds.
  path: Assets/All Stages/Stage4/スクリーンショット 2024-11-13 144432.png
  artifactKey: Guid(5f4134130f8a2ef4fae5dcbd6a838ede) Importer(815301076,1909f56bfc062723c751e8b465ee728b)
Start importing Assets/All Stages/Stage4/スクリーンショット 2024-11-13 144432.png using Guid(5f4134130f8a2ef4fae5dcbd6a838ede) Importer(815301076,1909f56bfc062723c751e8b465ee728b)  -> (artifact id: '9444e429f05bd197f7b38c9d6fb98ffc') in 0.040862 seconds 
========================================================================
Received Import Request.
  Time since last request: 0.000024 seconds.
  path: Assets/All Stages/Stage4/peetobotoru.png
  artifactKey: Guid(cf89f84361b456744b1609cb38e07398) Importer(815301076,1909f56bfc062723c751e8b465ee728b)
Start importing Assets/All Stages/Stage4/peetobotoru.png using Guid(cf89f84361b456744b1609cb38e07398) Importer(815301076,1909f56bfc062723c751e8b465ee728b)  -> (artifact id: 'f3504fefb27be9839aa0fe2ef0aebe05') in 0.015756 seconds 
========================================================================
Received Import Request.
  Time since last request: 0.000026 seconds.
  path: Assets/All Stages/Stage4/スクリーンショット 2024-11-13 144556.png
  artifactKey: Guid(309d5fb6ecdb80341b03f3f57b51ba8e) Importer(815301076,1909f56bfc062723c751e8b465ee728b)
Start importing Assets/All Stages/Stage4/スクリーンショット 2024-11-13 144556.png using Guid(309d5fb6ecdb80341b03f3f57b51ba8e) Importer(815301076,1909f56bfc062723c751e8b465ee728b)  -> (artifact id: 'd8c3f99eb98d53e03b5f95d693143a6f') in 0.041196 seconds 
========================================================================
Received Import Request.
  Time since last request: 0.000021 seconds.
  path: Assets/All Stages/Stage4/gomibako 1.png
  artifactKey: Guid(0f853e326e7fc1742ac11cb9a326736b) Importer(815301076,1909f56bfc062723c751e8b465ee728b)
Start importing Assets/All Stages/Stage4/gomibako 1.png using Guid(0f853e326e7fc1742ac11cb9a326736b) Importer(815301076,1909f56bfc062723c751e8b465ee728b)  -> (artifact id: 'da1822dc18920ff05c2bbd2476c96a42') in 0.022573 seconds 
Editor requested this worker to shutdown with reason: Scaling down because of idle timeout
AssetImportWorker is now disconnected from the server
Process exiting
Exiting without the bug reporter. Application will terminate with return code 0